{"/home/batman/Desktop/antigravity/GLS/backend/src/auth.ts": {"path":"/home/batman/Desktop/antigravity/GLS/backend/src/auth.ts","statementMap":{"0":{"start":{"line":21,"column":0},"end":{"line":21,"column":16}},"1":{"start":{"line":29,"column":0},"end":{"line":29,"column":16}},"2":{"start":{"line":40,"column":0},"end":{"line":40,"column":7}},"3":{"start":{"line":47,"column":0},"end":{"line":47,"column":7}},"4":{"start":{"line":54,"column":0},"end":{"line":54,"column":16}},"5":{"start":{"line":1,"column":0},"end":{"line":1,"column":31}},"6":{"start":{"line":2,"column":0},"end":{"line":2,"column":28}},"7":{"start":{"line":5,"column":19},"end":{"line":5,"column":83}},"8":{"start":{"line":6,"column":23},"end":{"line":6,"column":27}},"9":{"start":{"line":7,"column":20},"end":{"line":7,"column":22}},"10":{"start":{"line":22,"column":32},"end":{"line":22,"column":49}},"11":{"start":{"line":23,"column":4},"end":{"line":23,"column":72}},"12":{"start":{"line":30,"column":4},"end":{"line":34,"column":5}},"13":{"start":{"line":31,"column":8},"end":{"line":31,"column":59}},"14":{"start":{"line":33,"column":8},"end":{"line":33,"column":52}},"15":{"start":{"line":41,"column":4},"end":{"line":41,"column":46}},"16":{"start":{"line":48,"column":4},"end":{"line":48,"column":42}},"17":{"start":{"line":55,"column":4},"end":{"line":69,"column":5}},"18":{"start":{"line":56,"column":27},"end":{"line":56,"column":52}},"19":{"start":{"line":58,"column":8},"end":{"line":60,"column":9}},"20":{"start":{"line":59,"column":12},"end":{"line":59,"column":72}},"21":{"start":{"line":62,"column":22},"end":{"line":62,"column":45}},"22":{"start":{"line":63,"column":24},"end":{"line":63,"column":42}},"23":{"start":{"line":65,"column":8},"end":{"line":65,"column":27}},"24":{"start":{"line":66,"column":8},"end":{"line":66,"column":15}},"25":{"start":{"line":68,"column":8},"end":{"line":68,"column":89}}},"fnMap":{"0":{"name":"generateToken","decl":{"start":{"line":21,"column":16},"end":{"line":21,"column":29}},"loc":{"start":{"line":21,"column":59},"end":{"line":24,"column":1}}},"1":{"name":"verifyToken","decl":{"start":{"line":29,"column":16},"end":{"line":29,"column":27}},"loc":{"start":{"line":29,"column":41},"end":{"line":35,"column":1}}},"2":{"name":"hashPassword","decl":{"start":{"line":40,"column":22},"end":{"line":40,"column":34}},"loc":{"start":{"line":40,"column":51},"end":{"line":42,"column":1}}},"3":{"name":"comparePassword","decl":{"start":{"line":47,"column":22},"end":{"line":47,"column":37}},"loc":{"start":{"line":47,"column":68},"end":{"line":49,"column":1}}},"4":{"name":"authMiddleware","decl":{"start":{"line":54,"column":16},"end":{"line":54,"column":30}},"loc":{"start":{"line":54,"column":82},"end":{"line":70,"column":1}}}},"branchMap":{"0":{"loc":{"start":{"line":5,"column":19},"end":{"line":5,"column":83}},"type":"binary-expr","locations":[{"start":{"line":5,"column":19},"end":{"line":5,"column":41}},{"start":{"line":5,"column":45},"end":{"line":5,"column":83}}]},"1":{"loc":{"start":{"line":58,"column":8},"end":{"line":60,"column":9}},"type":"if","locations":[{"start":{"line":58,"column":8},"end":{"line":60,"column":9}}]},"2":{"loc":{"start":{"line":58,"column":12},"end":{"line":58,"column":60}},"type":"binary-expr","locations":[{"start":{"line":58,"column":12},"end":{"line":58,"column":23}},{"start":{"line":58,"column":27},"end":{"line":58,"column":60}}]},"3":{"loc":{"start":{"line":68,"column":45},"end":{"line":68,"column":85}},"type":"binary-expr","locations":[{"start":{"line":68,"column":45},"end":{"line":68,"column":58}},{"start":{"line":68,"column":62},"end":{"line":68,"column":85}}]}},"s":{"0":0,"1":0,"2":0,"3":0,"4":0,"5":0,"6":0,"7":0,"8":0,"9":0,"10":0,"11":0,"12":0,"13":0,"14":0,"15":0,"16":0,"17":0,"18":0,"19":0,"20":0,"21":0,"22":0,"23":0,"24":0,"25":0},"f":{"0":0,"1":0,"2":0,"3":0,"4":0},"b":{"0":[0,0],"1":[0],"2":[0,0],"3":[0,0]}}
,"/home/batman/Desktop/antigravity/GLS/backend/src/cli.ts": {"path":"/home/batman/Desktop/antigravity/GLS/backend/src/cli.ts","statementMap":{"0":{"start":{"line":2,"column":0},"end":{"line":2,"column":24}},"1":{"start":{"line":3,"column":0},"end":{"line":3,"column":20}},"2":{"start":{"line":4,"column":0},"end":{"line":4,"column":30}},"3":{"start":{"line":5,"column":0},"end":{"line":5,"column":27}},"4":{"start":{"line":7,"column":0},"end":{"line":7,"column":72}},"5":{"start":{"line":8,"column":0},"end":{"line":8,"column":50}},"6":{"start":{"line":9,"column":0},"end":{"line":9,"column":87}},"7":{"start":{"line":15,"column":14},"end":{"line":15,"column":35}},"8":{"start":{"line":16,"column":22},"end":{"line":16,"column":43}},"9":{"start":{"line":17,"column":10},"end":{"line":17,"column":11}},"10":{"start":{"line":18,"column":2},"end":{"line":44,"column":3}},"11":{"start":{"line":19,"column":18},"end":{"line":19,"column":24}},"12":{"start":{"line":20,"column":4},"end":{"line":43,"column":5}},"13":{"start":{"line":21,"column":18},"end":{"line":21,"column":32}},"14":{"start":{"line":22,"column":19},"end":{"line":22,"column":29}},"15":{"start":{"line":23,"column":6},"end":{"line":29,"column":7}},"16":{"start":{"line":24,"column":8},"end":{"line":24,"column":27}},"17":{"start":{"line":25,"column":8},"end":{"line":25,"column":15}},"18":{"start":{"line":27,"column":8},"end":{"line":27,"column":27}},"19":{"start":{"line":28,"column":8},"end":{"line":28,"column":12}},"20":{"start":{"line":30,"column":11},"end":{"line":43,"column":5}},"21":{"start":{"line":31,"column":18},"end":{"line":31,"column":32}},"22":{"start":{"line":32,"column":19},"end":{"line":32,"column":29}},"23":{"start":{"line":33,"column":6},"end":{"line":39,"column":7}},"24":{"start":{"line":34,"column":8},"end":{"line":34,"column":27}},"25":{"start":{"line":35,"column":8},"end":{"line":35,"column":15}},"26":{"start":{"line":37,"column":8},"end":{"line":37,"column":27}},"27":{"start":{"line":38,"column":8},"end":{"line":38,"column":12}},"28":{"start":{"line":41,"column":6},"end":{"line":41,"column":27}},"29":{"start":{"line":42,"column":6},"end":{"line":42,"column":10}},"30":{"start":{"line":45,"column":2},"end":{"line":45,"column":16}},"31":{"start":{"line":49,"column":2},"end":{"line":53,"column":3}},"32":{"start":{"line":61,"column":17},"end":{"line":61,"column":38}},"33":{"start":{"line":62,"column":2},"end":{"line":69,"column":3}},"34":{"start":{"line":64,"column":21},"end":{"line":64,"column":67}},"35":{"start":{"line":64,"column":40},"end":{"line":64,"column":66}},"36":{"start":{"line":65,"column":4},"end":{"line":67,"column":5}},"37":{"start":{"line":66,"column":6},"end":{"line":66,"column":107}},"38":{"start":{"line":68,"column":4},"end":{"line":68,"column":20}},"39":{"start":{"line":70,"column":2},"end":{"line":74,"column":3}},"40":{"start":{"line":71,"column":4},"end":{"line":73,"column":6}},"41":{"start":{"line":75,"column":2},"end":{"line":75,"column":16}},"42":{"start":{"line":82,"column":2},"end":{"line":86,"column":3}},"43":{"start":{"line":83,"column":4},"end":{"line":83,"column":35}},"44":{"start":{"line":84,"column":4},"end":{"line":84,"column":12}},"45":{"start":{"line":85,"column":4},"end":{"line":85,"column":20}},"46":{"start":{"line":88,"column":16},"end":{"line":88,"column":44}},"47":{"start":{"line":90,"column":2},"end":{"line":93,"column":3}},"48":{"start":{"line":91,"column":4},"end":{"line":91,"column":50}},"49":{"start":{"line":92,"column":4},"end":{"line":92,"column":20}},"50":{"start":{"line":95,"column":21},"end":{"line":95,"column":25}},"51":{"start":{"line":97,"column":2},"end":{"line":157,"column":3}},"52":{"start":{"line":98,"column":4},"end":{"line":156,"column":5}},"53":{"start":{"line":101,"column":24},"end":{"line":101,"column":33}},"54":{"start":{"line":104,"column":6},"end":{"line":127,"column":7}},"55":{"start":{"line":105,"column":8},"end":{"line":105,"column":26}},"56":{"start":{"line":106,"column":13},"end":{"line":127,"column":7}},"57":{"start":{"line":108,"column":8},"end":{"line":114,"column":9}},"58":{"start":{"line":109,"column":10},"end":{"line":109,"column":53}},"59":{"start":{"line":111,"column":10},"end":{"line":111,"column":75}},"60":{"start":{"line":112,"column":10},"end":{"line":112,"column":31}},"61":{"start":{"line":113,"column":10},"end":{"line":113,"column":19}},"62":{"start":{"line":115,"column":13},"end":{"line":127,"column":7}},"63":{"start":{"line":116,"column":8},"end":{"line":122,"column":9}},"64":{"start":{"line":117,"column":10},"end":{"line":117,"column":57}},"65":{"start":{"line":119,"column":10},"end":{"line":119,"column":75}},"66":{"start":{"line":120,"column":10},"end":{"line":120,"column":31}},"67":{"start":{"line":121,"column":10},"end":{"line":121,"column":19}},"68":{"start":{"line":124,"column":8},"end":{"line":124,"column":127}},"69":{"start":{"line":125,"column":8},"end":{"line":125,"column":29}},"70":{"start":{"line":126,"column":8},"end":{"line":126,"column":17}},"71":{"start":{"line":130,"column":24},"end":{"line":130,"column":49}},"72":{"start":{"line":131,"column":23},"end":{"line":131,"column":38}},"73":{"start":{"line":132,"column":24},"end":{"line":132,"column":46}},"74":{"start":{"line":134,"column":25},"end":{"line":138,"column":8}},"75":{"start":{"line":139,"column":18},"end":{"line":139,"column":39}},"76":{"start":{"line":140,"column":59},"end":{"line":140,"column":83}},"77":{"start":{"line":142,"column":20},"end":{"line":142,"column":70}},"78":{"start":{"line":143,"column":6},"end":{"line":152,"column":7}},"79":{"start":{"line":144,"column":8},"end":{"line":144,"column":29}},"80":{"start":{"line":145,"column":8},"end":{"line":145,"column":44}},"81":{"start":{"line":146,"column":8},"end":{"line":146,"column":47}},"82":{"start":{"line":147,"column":8},"end":{"line":147,"column":109}},"83":{"start":{"line":147,"column":43},"end":{"line":147,"column":109}},"84":{"start":{"line":148,"column":8},"end":{"line":148,"column":117}},"85":{"start":{"line":148,"column":43},"end":{"line":148,"column":117}},"86":{"start":{"line":149,"column":8},"end":{"line":149,"column":124}},"87":{"start":{"line":149,"column":47},"end":{"line":149,"column":124}},"88":{"start":{"line":151,"column":8},"end":{"line":151,"column":37}},"89":{"start":{"line":154,"column":6},"end":{"line":154,"column":27}},"90":{"start":{"line":155,"column":6},"end":{"line":155,"column":78}},"91":{"start":{"line":159,"column":2},"end":{"line":159,"column":37}},"92":{"start":{"line":159,"column":21},"end":{"line":159,"column":37}},"93":{"start":{"line":160,"column":2},"end":{"line":160,"column":18}},"94":{"start":{"line":167,"column":2},"end":{"line":171,"column":3}},"95":{"start":{"line":168,"column":4},"end":{"line":168,"column":35}},"96":{"start":{"line":169,"column":4},"end":{"line":169,"column":12}},"97":{"start":{"line":170,"column":4},"end":{"line":170,"column":20}},"98":{"start":{"line":172,"column":2},"end":{"line":172,"column":57}},"99":{"start":{"line":174,"column":16},"end":{"line":174,"column":44}},"100":{"start":{"line":175,"column":2},"end":{"line":178,"column":3}},"101":{"start":{"line":176,"column":4},"end":{"line":176,"column":50}},"102":{"start":{"line":177,"column":4},"end":{"line":177,"column":20}},"103":{"start":{"line":181,"column":35},"end":{"line":181,"column":37}},"104":{"start":{"line":182,"column":35},"end":{"line":182,"column":37}},"105":{"start":{"line":183,"column":36},"end":{"line":183,"column":38}},"106":{"start":{"line":185,"column":2},"end":{"line":212,"column":3}},"107":{"start":{"line":188,"column":4},"end":{"line":207,"column":5}},"108":{"start":{"line":189,"column":6},"end":{"line":189,"column":24}},"109":{"start":{"line":190,"column":11},"end":{"line":207,"column":5}},"110":{"start":{"line":191,"column":6},"end":{"line":196,"column":7}},"111":{"start":{"line":192,"column":8},"end":{"line":192,"column":51}},"112":{"start":{"line":194,"column":8},"end":{"line":194,"column":77}},"113":{"start":{"line":195,"column":8},"end":{"line":195,"column":24}},"114":{"start":{"line":197,"column":11},"end":{"line":207,"column":5}},"115":{"start":{"line":198,"column":6},"end":{"line":203,"column":7}},"116":{"start":{"line":199,"column":8},"end":{"line":199,"column":55}},"117":{"start":{"line":201,"column":8},"end":{"line":201,"column":77}},"118":{"start":{"line":202,"column":8},"end":{"line":202,"column":24}},"119":{"start":{"line":205,"column":6},"end":{"line":205,"column":125}},"120":{"start":{"line":206,"column":6},"end":{"line":206,"column":22}},"121":{"start":{"line":209,"column":4},"end":{"line":209,"column":54}},"122":{"start":{"line":210,"column":4},"end":{"line":210,"column":54}},"123":{"start":{"line":211,"column":4},"end":{"line":211,"column":56}},"124":{"start":{"line":214,"column":21},"end":{"line":214,"column":109}},"125":{"start":{"line":215,"column":14},"end":{"line":215,"column":35}},"126":{"start":{"line":216,"column":55},"end":{"line":216,"column":79}},"127":{"start":{"line":217,"column":25},"end":{"line":217,"column":29}},"128":{"start":{"line":218,"column":30},"end":{"line":218,"column":98}},"129":{"start":{"line":218,"column":52},"end":{"line":218,"column":97}},"130":{"start":{"line":219,"column":2},"end":{"line":229,"column":3}},"131":{"start":{"line":219,"column":27},"end":{"line":219,"column":68}},"132":{"start":{"line":220,"column":7},"end":{"line":229,"column":3}},"133":{"start":{"line":222,"column":20},"end":{"line":222,"column":28}},"134":{"start":{"line":223,"column":4},"end":{"line":228,"column":5}},"135":{"start":{"line":224,"column":6},"end":{"line":225,"column":107}},"136":{"start":{"line":224,"column":44},"end":{"line":224,"column":94}},"137":{"start":{"line":225,"column":11},"end":{"line":225,"column":107}},"138":{"start":{"line":225,"column":53},"end":{"line":225,"column":107}},"139":{"start":{"line":227,"column":6},"end":{"line":227,"column":25}},"140":{"start":{"line":232,"column":23},"end":{"line":236,"column":4}},"141":{"start":{"line":239,"column":2},"end":{"line":244,"column":3}},"142":{"start":{"line":240,"column":4},"end":{"line":240,"column":67}},"143":{"start":{"line":240,"column":29},"end":{"line":240,"column":67}},"144":{"start":{"line":241,"column":4},"end":{"line":241,"column":67}},"145":{"start":{"line":241,"column":29},"end":{"line":241,"column":67}},"146":{"start":{"line":242,"column":4},"end":{"line":242,"column":64}},"147":{"start":{"line":242,"column":28},"end":{"line":242,"column":64}},"148":{"start":{"line":243,"column":4},"end":{"line":243,"column":58}},"149":{"start":{"line":243,"column":26},"end":{"line":243,"column":58}},"150":{"start":{"line":246,"column":20},"end":{"line":246,"column":46}},"151":{"start":{"line":247,"column":19},"end":{"line":247,"column":34}},"152":{"start":{"line":248,"column":20},"end":{"line":248,"column":42}},"153":{"start":{"line":250,"column":2},"end":{"line":256,"column":3}},"154":{"start":{"line":251,"column":4},"end":{"line":251,"column":61}},"155":{"start":{"line":252,"column":4},"end":{"line":252,"column":104}},"156":{"start":{"line":252,"column":39},"end":{"line":252,"column":104}},"157":{"start":{"line":253,"column":4},"end":{"line":253,"column":112}},"158":{"start":{"line":253,"column":39},"end":{"line":253,"column":112}},"159":{"start":{"line":254,"column":4},"end":{"line":254,"column":119}},"160":{"start":{"line":254,"column":43},"end":{"line":254,"column":119}},"161":{"start":{"line":255,"column":4},"end":{"line":255,"column":20}},"162":{"start":{"line":259,"column":2},"end":{"line":259,"column":44}},"163":{"start":{"line":260,"column":23},"end":{"line":260,"column":53}},"164":{"start":{"line":261,"column":17},"end":{"line":261,"column":41}},"165":{"start":{"line":262,"column":21},"end":{"line":262,"column":49}},"166":{"start":{"line":263,"column":2},"end":{"line":263,"column":50}},"167":{"start":{"line":264,"column":2},"end":{"line":264,"column":44}},"168":{"start":{"line":265,"column":2},"end":{"line":265,"column":48}},"169":{"start":{"line":268,"column":2},"end":{"line":273,"column":3}},"170":{"start":{"line":269,"column":4},"end":{"line":269,"column":39}},"171":{"start":{"line":270,"column":4},"end":{"line":270,"column":61}},"172":{"start":{"line":272,"column":4},"end":{"line":272,"column":51}},"173":{"start":{"line":276,"column":2},"end":{"line":281,"column":3}},"174":{"start":{"line":277,"column":21},"end":{"line":277,"column":52}},"175":{"start":{"line":278,"column":4},"end":{"line":278,"column":99}},"176":{"start":{"line":278,"column":79},"end":{"line":278,"column":85}},"177":{"start":{"line":280,"column":4},"end":{"line":280,"column":54}},"178":{"start":{"line":284,"column":2},"end":{"line":291,"column":3}},"179":{"start":{"line":285,"column":20},"end":{"line":285,"column":56}},"180":{"start":{"line":286,"column":20},"end":{"line":286,"column":57}},"181":{"start":{"line":287,"column":4},"end":{"line":287,"column":72}},"182":{"start":{"line":288,"column":4},"end":{"line":288,"column":50}},"183":{"start":{"line":290,"column":4},"end":{"line":290,"column":55}},"184":{"start":{"line":294,"column":2},"end":{"line":299,"column":12}},"185":{"start":{"line":295,"column":19},"end":{"line":295,"column":64}},"186":{"start":{"line":296,"column":4},"end":{"line":298,"column":5}},"187":{"start":{"line":297,"column":6},"end":{"line":297,"column":71}},"188":{"start":{"line":301,"column":2},"end":{"line":301,"column":64}},"189":{"start":{"line":302,"column":2},"end":{"line":302,"column":18}},"190":{"start":{"line":306,"column":2},"end":{"line":329,"column":3}},"191":{"start":{"line":307,"column":17},"end":{"line":307,"column":28}},"192":{"start":{"line":308,"column":16},"end":{"line":308,"column":25}},"193":{"start":{"line":309,"column":16},"end":{"line":309,"column":34}},"194":{"start":{"line":310,"column":16},"end":{"line":310,"column":34}},"195":{"start":{"line":312,"column":4},"end":{"line":315,"column":5}},"196":{"start":{"line":313,"column":6},"end":{"line":313,"column":14}},"197":{"start":{"line":314,"column":6},"end":{"line":314,"column":22}},"198":{"start":{"line":317,"column":4},"end":{"line":325,"column":5}},"199":{"start":{"line":318,"column":6},"end":{"line":318,"column":29}},"200":{"start":{"line":319,"column":11},"end":{"line":325,"column":5}},"201":{"start":{"line":320,"column":6},"end":{"line":320,"column":34}},"202":{"start":{"line":322,"column":6},"end":{"line":322,"column":45}},"203":{"start":{"line":323,"column":6},"end":{"line":323,"column":14}},"204":{"start":{"line":324,"column":6},"end":{"line":324,"column":22}},"205":{"start":{"line":327,"column":4},"end":{"line":327,"column":43}},"206":{"start":{"line":328,"column":4},"end":{"line":328,"column":21}},"207":{"start":{"line":332,"column":0},"end":{"line":332,"column":7}}},"fnMap":{"0":{"name":"parseArgs","decl":{"start":{"line":14,"column":9},"end":{"line":14,"column":18}},"loc":{"start":{"line":14,"column":18},"end":{"line":46,"column":1}}},"1":{"name":"usage","decl":{"start":{"line":48,"column":9},"end":{"line":48,"column":14}},"loc":{"start":{"line":48,"column":14},"end":{"line":54,"column":1}}},"2":{"name":"safeLoadYamlObject","decl":{"start":{"line":60,"column":9},"end":{"line":60,"column":27}},"loc":{"start":{"line":60,"column":63},"end":{"line":76,"column":1}}},"3":{"name":"(anonymous_4)","decl":{"start":{"line":64,"column":33},"end":{"line":64,"column":34}},"loc":{"start":{"line":64,"column":40},"end":{"line":64,"column":66}}},"4":{"name":"cmdValidate","decl":{"start":{"line":81,"column":15},"end":{"line":81,"column":26}},"loc":{"start":{"line":81,"column":38},"end":{"line":161,"column":1}}},"5":{"name":"cmdGenerate","decl":{"start":{"line":166,"column":15},"end":{"line":166,"column":26}},"loc":{"start":{"line":166,"column":54},"end":{"line":303,"column":1}}},"6":{"name":"(anonymous_7)","decl":{"start":{"line":218,"column":41},"end":{"line":218,"column":42}},"loc":{"start":{"line":218,"column":52},"end":{"line":218,"column":97}}},"7":{"name":"(anonymous_8)","decl":{"start":{"line":278,"column":67},"end":{"line":278,"column":68}},"loc":{"start":{"line":278,"column":79},"end":{"line":278,"column":85}}},"8":{"name":"main","decl":{"start":{"line":305,"column":15},"end":{"line":305,"column":19}},"loc":{"start":{"line":305,"column":19},"end":{"line":330,"column":1}}}},"branchMap":{"0":{"loc":{"start":{"line":20,"column":4},"end":{"line":43,"column":5}},"type":"if","locations":[{"start":{"line":20,"column":4},"end":{"line":43,"column":5}},{"start":{"line":30,"column":11},"end":{"line":43,"column":5}}]},"1":{"loc":{"start":{"line":23,"column":6},"end":{"line":29,"column":7}},"type":"if","locations":[{"start":{"line":23,"column":6},"end":{"line":29,"column":7}},{"start":{"line":26,"column":13},"end":{"line":29,"column":7}}]},"2":{"loc":{"start":{"line":23,"column":10},"end":{"line":23,"column":40}},"type":"binary-expr","locations":[{"start":{"line":23,"column":10},"end":{"line":23,"column":14}},{"start":{"line":23,"column":18},"end":{"line":23,"column":40}}]},"3":{"loc":{"start":{"line":30,"column":11},"end":{"line":43,"column":5}},"type":"if","locations":[{"start":{"line":30,"column":11},"end":{"line":43,"column":5}},{"start":{"line":40,"column":11},"end":{"line":43,"column":5}}]},"4":{"loc":{"start":{"line":33,"column":6},"end":{"line":39,"column":7}},"type":"if","locations":[{"start":{"line":33,"column":6},"end":{"line":39,"column":7}},{"start":{"line":36,"column":13},"end":{"line":39,"column":7}}]},"5":{"loc":{"start":{"line":33,"column":10},"end":{"line":33,"column":39}},"type":"binary-expr","locations":[{"start":{"line":33,"column":10},"end":{"line":33,"column":14}},{"start":{"line":33,"column":18},"end":{"line":33,"column":39}}]},"6":{"loc":{"start":{"line":60,"column":41},"end":{"line":60,"column":63}},"type":"default-arg","locations":[{"start":{"line":60,"column":54},"end":{"line":60,"column":63}}]},"7":{"loc":{"start":{"line":62,"column":2},"end":{"line":69,"column":3}},"type":"if","locations":[{"start":{"line":62,"column":2},"end":{"line":69,"column":3}}]},"8":{"loc":{"start":{"line":64,"column":40},"end":{"line":64,"column":66}},"type":"binary-expr","locations":[{"start":{"line":64,"column":40},"end":{"line":64,"column":41}},{"start":{"line":64,"column":45},"end":{"line":64,"column":66}}]},"9":{"loc":{"start":{"line":65,"column":4},"end":{"line":67,"column":5}},"type":"if","locations":[{"start":{"line":65,"column":4},"end":{"line":67,"column":5}}]},"10":{"loc":{"start":{"line":70,"column":2},"end":{"line":74,"column":3}},"type":"if","locations":[{"start":{"line":70,"column":2},"end":{"line":74,"column":3}}]},"11":{"loc":{"start":{"line":70,"column":6},"end":{"line":70,"column":43}},"type":"binary-expr","locations":[{"start":{"line":70,"column":6},"end":{"line":70,"column":13}},{"start":{"line":70,"column":17},"end":{"line":70,"column":43}}]},"12":{"loc":{"start":{"line":72,"column":49},"end":{"line":72,"column":89}},"type":"cond-expr","locations":[{"start":{"line":72,"column":67},"end":{"line":72,"column":73}},{"start":{"line":72,"column":76},"end":{"line":72,"column":89}}]},"13":{"loc":{"start":{"line":82,"column":2},"end":{"line":86,"column":3}},"type":"if","locations":[{"start":{"line":82,"column":2},"end":{"line":86,"column":3}}]},"14":{"loc":{"start":{"line":90,"column":2},"end":{"line":93,"column":3}},"type":"if","locations":[{"start":{"line":90,"column":2},"end":{"line":93,"column":3}}]},"15":{"loc":{"start":{"line":90,"column":6},"end":{"line":90,"column":34}},"type":"binary-expr","locations":[{"start":{"line":90,"column":6},"end":{"line":90,"column":12}},{"start":{"line":90,"column":16},"end":{"line":90,"column":34}}]},"16":{"loc":{"start":{"line":104,"column":6},"end":{"line":127,"column":7}},"type":"if","locations":[{"start":{"line":104,"column":6},"end":{"line":127,"column":7}},{"start":{"line":106,"column":13},"end":{"line":127,"column":7}}]},"17":{"loc":{"start":{"line":104,"column":10},"end":{"line":104,"column":55}},"type":"binary-expr","locations":[{"start":{"line":104,"column":10},"end":{"line":104,"column":11}},{"start":{"line":104,"column":15},"end":{"line":104,"column":23}},{"start":{"line":104,"column":27},"end":{"line":104,"column":55}}]},"18":{"loc":{"start":{"line":106,"column":13},"end":{"line":127,"column":7}},"type":"if","locations":[{"start":{"line":106,"column":13},"end":{"line":127,"column":7}},{"start":{"line":115,"column":13},"end":{"line":127,"column":7}}]},"19":{"loc":{"start":{"line":106,"column":17},"end":{"line":106,"column":47}},"type":"binary-expr","locations":[{"start":{"line":106,"column":17},"end":{"line":106,"column":18}},{"start":{"line":106,"column":22},"end":{"line":106,"column":47}}]},"20":{"loc":{"start":{"line":115,"column":13},"end":{"line":127,"column":7}},"type":"if","locations":[{"start":{"line":115,"column":13},"end":{"line":127,"column":7}},{"start":{"line":123,"column":13},"end":{"line":127,"column":7}}]},"21":{"loc":{"start":{"line":115,"column":17},"end":{"line":115,"column":51}},"type":"binary-expr","locations":[{"start":{"line":115,"column":17},"end":{"line":115,"column":18}},{"start":{"line":115,"column":22},"end":{"line":115,"column":51}}]},"22":{"loc":{"start":{"line":124,"column":25},"end":{"line":124,"column":46}},"type":"binary-expr","locations":[{"start":{"line":124,"column":25},"end":{"line":124,"column":31}},{"start":{"line":124,"column":35},"end":{"line":124,"column":46}}]},"23":{"loc":{"start":{"line":132,"column":24},"end":{"line":132,"column":46}},"type":"binary-expr","locations":[{"start":{"line":132,"column":24},"end":{"line":132,"column":40}},{"start":{"line":132,"column":44},"end":{"line":132,"column":46}}]},"24":{"loc":{"start":{"line":135,"column":17},"end":{"line":135,"column":37}},"type":"binary-expr","locations":[{"start":{"line":135,"column":17},"end":{"line":135,"column":31}},{"start":{"line":135,"column":35},"end":{"line":135,"column":37}}]},"25":{"loc":{"start":{"line":136,"column":17},"end":{"line":136,"column":37}},"type":"binary-expr","locations":[{"start":{"line":136,"column":17},"end":{"line":136,"column":31}},{"start":{"line":136,"column":35},"end":{"line":136,"column":37}}]},"26":{"loc":{"start":{"line":137,"column":18},"end":{"line":137,"column":39}},"type":"binary-expr","locations":[{"start":{"line":137,"column":18},"end":{"line":137,"column":33}},{"start":{"line":137,"column":37},"end":{"line":137,"column":39}}]},"27":{"loc":{"start":{"line":142,"column":20},"end":{"line":142,"column":70}},"type":"binary-expr","locations":[{"start":{"line":142,"column":20},"end":{"line":142,"column":28}},{"start":{"line":142,"column":33},"end":{"line":142,"column":43}},{"start":{"line":142,"column":47},"end":{"line":142,"column":69}}]},"28":{"loc":{"start":{"line":143,"column":6},"end":{"line":152,"column":7}},"type":"if","locations":[{"start":{"line":143,"column":6},"end":{"line":152,"column":7}},{"start":{"line":150,"column":13},"end":{"line":152,"column":7}}]},"29":{"loc":{"start":{"line":147,"column":8},"end":{"line":147,"column":109}},"type":"if","locations":[{"start":{"line":147,"column":8},"end":{"line":147,"column":109}}]},"30":{"loc":{"start":{"line":147,"column":12},"end":{"line":147,"column":41}},"type":"binary-expr","locations":[{"start":{"line":147,"column":12},"end":{"line":147,"column":21}},{"start":{"line":147,"column":25},"end":{"line":147,"column":41}}]},"31":{"loc":{"start":{"line":148,"column":8},"end":{"line":148,"column":117}},"type":"if","locations":[{"start":{"line":148,"column":8},"end":{"line":148,"column":117}}]},"32":{"loc":{"start":{"line":148,"column":12},"end":{"line":148,"column":41}},"type":"binary-expr","locations":[{"start":{"line":148,"column":12},"end":{"line":148,"column":21}},{"start":{"line":148,"column":25},"end":{"line":148,"column":41}}]},"33":{"loc":{"start":{"line":149,"column":8},"end":{"line":149,"column":124}},"type":"if","locations":[{"start":{"line":149,"column":8},"end":{"line":149,"column":124}}]},"34":{"loc":{"start":{"line":149,"column":12},"end":{"line":149,"column":45}},"type":"binary-expr","locations":[{"start":{"line":149,"column":12},"end":{"line":149,"column":23}},{"start":{"line":149,"column":27},"end":{"line":149,"column":45}}]},"35":{"loc":{"start":{"line":155,"column":58},"end":{"line":155,"column":76}},"type":"binary-expr","locations":[{"start":{"line":155,"column":58},"end":{"line":155,"column":69}},{"start":{"line":155,"column":73},"end":{"line":155,"column":76}}]},"36":{"loc":{"start":{"line":159,"column":2},"end":{"line":159,"column":37}},"type":"if","locations":[{"start":{"line":159,"column":2},"end":{"line":159,"column":37}}]},"37":{"loc":{"start":{"line":167,"column":2},"end":{"line":171,"column":3}},"type":"if","locations":[{"start":{"line":167,"column":2},"end":{"line":171,"column":3}}]},"38":{"loc":{"start":{"line":172,"column":11},"end":{"line":172,"column":56}},"type":"binary-expr","locations":[{"start":{"line":172,"column":11},"end":{"line":172,"column":17}},{"start":{"line":172,"column":21},"end":{"line":172,"column":56}}]},"39":{"loc":{"start":{"line":175,"column":2},"end":{"line":178,"column":3}},"type":"if","locations":[{"start":{"line":175,"column":2},"end":{"line":178,"column":3}}]},"40":{"loc":{"start":{"line":175,"column":6},"end":{"line":175,"column":34}},"type":"binary-expr","locations":[{"start":{"line":175,"column":6},"end":{"line":175,"column":12}},{"start":{"line":175,"column":16},"end":{"line":175,"column":34}}]},"41":{"loc":{"start":{"line":188,"column":4},"end":{"line":207,"column":5}},"type":"if","locations":[{"start":{"line":188,"column":4},"end":{"line":207,"column":5}},{"start":{"line":190,"column":11},"end":{"line":207,"column":5}}]},"42":{"loc":{"start":{"line":188,"column":8},"end":{"line":188,"column":53}},"type":"binary-expr","locations":[{"start":{"line":188,"column":8},"end":{"line":188,"column":9}},{"start":{"line":188,"column":13},"end":{"line":188,"column":21}},{"start":{"line":188,"column":25},"end":{"line":188,"column":53}}]},"43":{"loc":{"start":{"line":190,"column":11},"end":{"line":207,"column":5}},"type":"if","locations":[{"start":{"line":190,"column":11},"end":{"line":207,"column":5}},{"start":{"line":197,"column":11},"end":{"line":207,"column":5}}]},"44":{"loc":{"start":{"line":190,"column":15},"end":{"line":190,"column":45}},"type":"binary-expr","locations":[{"start":{"line":190,"column":15},"end":{"line":190,"column":16}},{"start":{"line":190,"column":20},"end":{"line":190,"column":45}}]},"45":{"loc":{"start":{"line":194,"column":60},"end":{"line":194,"column":74}},"type":"binary-expr","locations":[{"start":{"line":194,"column":60},"end":{"line":194,"column":69}},{"start":{"line":194,"column":73},"end":{"line":194,"column":74}}]},"46":{"loc":{"start":{"line":197,"column":11},"end":{"line":207,"column":5}},"type":"if","locations":[{"start":{"line":197,"column":11},"end":{"line":207,"column":5}},{"start":{"line":204,"column":11},"end":{"line":207,"column":5}}]},"47":{"loc":{"start":{"line":197,"column":15},"end":{"line":197,"column":49}},"type":"binary-expr","locations":[{"start":{"line":197,"column":15},"end":{"line":197,"column":16}},{"start":{"line":197,"column":20},"end":{"line":197,"column":49}}]},"48":{"loc":{"start":{"line":201,"column":60},"end":{"line":201,"column":74}},"type":"binary-expr","locations":[{"start":{"line":201,"column":60},"end":{"line":201,"column":69}},{"start":{"line":201,"column":73},"end":{"line":201,"column":74}}]},"49":{"loc":{"start":{"line":205,"column":23},"end":{"line":205,"column":44}},"type":"binary-expr","locations":[{"start":{"line":205,"column":23},"end":{"line":205,"column":29}},{"start":{"line":205,"column":33},"end":{"line":205,"column":44}}]},"50":{"loc":{"start":{"line":209,"column":31},"end":{"line":209,"column":51}},"type":"binary-expr","locations":[{"start":{"line":209,"column":31},"end":{"line":209,"column":45}},{"start":{"line":209,"column":49},"end":{"line":209,"column":51}}]},"51":{"loc":{"start":{"line":210,"column":31},"end":{"line":210,"column":51}},"type":"binary-expr","locations":[{"start":{"line":210,"column":31},"end":{"line":210,"column":45}},{"start":{"line":210,"column":49},"end":{"line":210,"column":51}}]},"52":{"loc":{"start":{"line":211,"column":32},"end":{"line":211,"column":53}},"type":"binary-expr","locations":[{"start":{"line":211,"column":32},"end":{"line":211,"column":47}},{"start":{"line":211,"column":51},"end":{"line":211,"column":53}}]},"53":{"loc":{"start":{"line":218,"column":52},"end":{"line":218,"column":97}},"type":"binary-expr","locations":[{"start":{"line":218,"column":52},"end":{"line":218,"column":53}},{"start":{"line":218,"column":57},"end":{"line":218,"column":65}},{"start":{"line":218,"column":69},"end":{"line":218,"column":97}}]},"54":{"loc":{"start":{"line":219,"column":2},"end":{"line":229,"column":3}},"type":"if","locations":[{"start":{"line":219,"column":2},"end":{"line":229,"column":3}},{"start":{"line":220,"column":7},"end":{"line":229,"column":3}}]},"55":{"loc":{"start":{"line":220,"column":7},"end":{"line":229,"column":3}},"type":"if","locations":[{"start":{"line":220,"column":7},"end":{"line":229,"column":3}}]},"56":{"loc":{"start":{"line":224,"column":6},"end":{"line":225,"column":107}},"type":"if","locations":[{"start":{"line":224,"column":6},"end":{"line":225,"column":107}},{"start":{"line":225,"column":11},"end":{"line":225,"column":107}}]},"57":{"loc":{"start":{"line":224,"column":10},"end":{"line":224,"column":42}},"type":"binary-expr","locations":[{"start":{"line":224,"column":10},"end":{"line":224,"column":12}},{"start":{"line":224,"column":16},"end":{"line":224,"column":42}}]},"58":{"loc":{"start":{"line":225,"column":11},"end":{"line":225,"column":107}},"type":"if","locations":[{"start":{"line":225,"column":11},"end":{"line":225,"column":107}}]},"59":{"loc":{"start":{"line":225,"column":15},"end":{"line":225,"column":51}},"type":"binary-expr","locations":[{"start":{"line":225,"column":15},"end":{"line":225,"column":17}},{"start":{"line":225,"column":21},"end":{"line":225,"column":51}}]},"60":{"loc":{"start":{"line":239,"column":2},"end":{"line":244,"column":3}},"type":"if","locations":[{"start":{"line":239,"column":2},"end":{"line":244,"column":3}}]},"61":{"loc":{"start":{"line":239,"column":6},"end":{"line":239,"column":52}},"type":"binary-expr","locations":[{"start":{"line":239,"column":6},"end":{"line":239,"column":17}},{"start":{"line":239,"column":21},"end":{"line":239,"column":52}}]},"62":{"loc":{"start":{"line":240,"column":4},"end":{"line":240,"column":67}},"type":"if","locations":[{"start":{"line":240,"column":4},"end":{"line":240,"column":67}}]},"63":{"loc":{"start":{"line":241,"column":4},"end":{"line":241,"column":67}},"type":"if","locations":[{"start":{"line":241,"column":4},"end":{"line":241,"column":67}}]},"64":{"loc":{"start":{"line":242,"column":4},"end":{"line":242,"column":64}},"type":"if","locations":[{"start":{"line":242,"column":4},"end":{"line":242,"column":64}}]},"65":{"loc":{"start":{"line":243,"column":4},"end":{"line":243,"column":58}},"type":"if","locations":[{"start":{"line":243,"column":4},"end":{"line":243,"column":58}}]},"66":{"loc":{"start":{"line":248,"column":20},"end":{"line":248,"column":42}},"type":"binary-expr","locations":[{"start":{"line":248,"column":20},"end":{"line":248,"column":36}},{"start":{"line":248,"column":40},"end":{"line":248,"column":42}}]},"67":{"loc":{"start":{"line":250,"column":2},"end":{"line":256,"column":3}},"type":"if","locations":[{"start":{"line":250,"column":2},"end":{"line":256,"column":3}}]},"68":{"loc":{"start":{"line":250,"column":6},"end":{"line":250,"column":54}},"type":"binary-expr","locations":[{"start":{"line":250,"column":6},"end":{"line":250,"column":15}},{"start":{"line":250,"column":20},"end":{"line":250,"column":29}},{"start":{"line":250,"column":33},"end":{"line":250,"column":53}}]},"69":{"loc":{"start":{"line":252,"column":4},"end":{"line":252,"column":104}},"type":"if","locations":[{"start":{"line":252,"column":4},"end":{"line":252,"column":104}}]},"70":{"loc":{"start":{"line":252,"column":8},"end":{"line":252,"column":37}},"type":"binary-expr","locations":[{"start":{"line":252,"column":8},"end":{"line":252,"column":17}},{"start":{"line":252,"column":21},"end":{"line":252,"column":37}}]},"71":{"loc":{"start":{"line":253,"column":4},"end":{"line":253,"column":112}},"type":"if","locations":[{"start":{"line":253,"column":4},"end":{"line":253,"column":112}}]},"72":{"loc":{"start":{"line":253,"column":8},"end":{"line":253,"column":37}},"type":"binary-expr","locations":[{"start":{"line":253,"column":8},"end":{"line":253,"column":17}},{"start":{"line":253,"column":21},"end":{"line":253,"column":37}}]},"73":{"loc":{"start":{"line":254,"column":4},"end":{"line":254,"column":119}},"type":"if","locations":[{"start":{"line":254,"column":4},"end":{"line":254,"column":119}}]},"74":{"loc":{"start":{"line":254,"column":8},"end":{"line":254,"column":41}},"type":"binary-expr","locations":[{"start":{"line":254,"column":8},"end":{"line":254,"column":19}},{"start":{"line":254,"column":23},"end":{"line":254,"column":41}}]},"75":{"loc":{"start":{"line":296,"column":4},"end":{"line":298,"column":5}},"type":"if","locations":[{"start":{"line":296,"column":4},"end":{"line":298,"column":5}}]},"76":{"loc":{"start":{"line":309,"column":16},"end":{"line":309,"column":34}},"type":"binary-expr","locations":[{"start":{"line":309,"column":16},"end":{"line":309,"column":24}},{"start":{"line":309,"column":28},"end":{"line":309,"column":34}}]},"77":{"loc":{"start":{"line":310,"column":16},"end":{"line":310,"column":34}},"type":"binary-expr","locations":[{"start":{"line":310,"column":16},"end":{"line":310,"column":24}},{"start":{"line":310,"column":28},"end":{"line":310,"column":34}}]},"78":{"loc":{"start":{"line":312,"column":4},"end":{"line":315,"column":5}},"type":"if","locations":[{"start":{"line":312,"column":4},"end":{"line":315,"column":5}}]},"79":{"loc":{"start":{"line":317,"column":4},"end":{"line":325,"column":5}},"type":"if","locations":[{"start":{"line":317,"column":4},"end":{"line":325,"column":5}},{"start":{"line":319,"column":11},"end":{"line":325,"column":5}}]},"80":{"loc":{"start":{"line":319,"column":11},"end":{"line":325,"column":5}},"type":"if","locations":[{"start":{"line":319,"column":11},"end":{"line":325,"column":5}},{"start":{"line":321,"column":11},"end":{"line":325,"column":5}}]}},"s":{"0":0,"1":0,"2":0,"3":0,"4":0,"5":0,"6":0,"7":0,"8":0,"9":0,"10":0,"11":0,"12":0,"13":0,"14":0,"15":0,"16":0,"17":0,"18":0,"19":0,"20":0,"21":0,"22":0,"23":0,"24":0,"25":0,"26":0,"27":0,"28":0,"29":0,"30":0,"31":0,"32":0,"33":0,"34":0,"35":0,"36":0,"37":0,"38":0,"39":0,"40":0,"41":0,"42":0,"43":0,"44":0,"45":0,"46":0,"47":0,"48":0,"49":0,"50":0,"51":0,"52":0,"53":0,"54":0,"55":0,"56":0,"57":0,"58":0,"59":0,"60":0,"61":0,"62":0,"63":0,"64":0,"65":0,"66":0,"67":0,"68":0,"69":0,"70":0,"71":0,"72":0,"73":0,"74":0,"75":0,"76":0,"77":0,"78":0,"79":0,"80":0,"81":0,"82":0,"83":0,"84":0,"85":0,"86":0,"87":0,"88":0,"89":0,"90":0,"91":0,"92":0,"93":0,"94":0,"95":0,"96":0,"97":0,"98":0,"99":0,"100":0,"101":0,"102":0,"103":0,"104":0,"105":0,"106":0,"107":0,"108":0,"109":0,"110":0,"111":0,"112":0,"113":0,"114":0,"115":0,"116":0,"117":0,"118":0,"119":0,"120":0,"121":0,"122":0,"123":0,"124":0,"125":0,"126":0,"127":0,"128":0,"129":0,"130":0,"131":0,"132":0,"133":0,"134":0,"135":0,"136":0,"137":0,"138":0,"139":0,"140":0,"141":0,"142":0,"143":0,"144":0,"145":0,"146":0,"147":0,"148":0,"149":0,"150":0,"151":0,"152":0,"153":0,"154":0,"155":0,"156":0,"157":0,"158":0,"159":0,"160":0,"161":0,"162":0,"163":0,"164":0,"165":0,"166":0,"167":0,"168":0,"169":0,"170":0,"171":0,"172":0,"173":0,"174":0,"175":0,"176":0,"177":0,"178":0,"179":0,"180":0,"181":0,"182":0,"183":0,"184":0,"185":0,"186":0,"187":0,"188":0,"189":0,"190":0,"191":0,"192":0,"193":0,"194":0,"195":0,"196":0,"197":0,"198":0,"199":0,"200":0,"201":0,"202":0,"203":0,"204":0,"205":0,"206":0,"207":0},"f":{"0":0,"1":0,"2":0,"3":0,"4":0,"5":0,"6":0,"7":0,"8":0},"b":{"0":[0,0],"1":[0,0],"2":[0,0],"3":[0,0],"4":[0,0],"5":[0,0],"6":[0],"7":[0],"8":[0,0],"9":[0],"10":[0],"11":[0,0],"12":[0,0],"13":[0],"14":[0],"15":[0,0],"16":[0,0],"17":[0,0,0],"18":[0,0],"19":[0,0],"20":[0,0],"21":[0,0],"22":[0,0],"23":[0,0],"24":[0,0],"25":[0,0],"26":[0,0],"27":[0,0,0],"28":[0,0],"29":[0],"30":[0,0],"31":[0],"32":[0,0],"33":[0],"34":[0,0],"35":[0,0],"36":[0],"37":[0],"38":[0,0],"39":[0],"40":[0,0],"41":[0,0],"42":[0,0,0],"43":[0,0],"44":[0,0],"45":[0,0],"46":[0,0],"47":[0,0],"48":[0,0],"49":[0,0],"50":[0,0],"51":[0,0],"52":[0,0],"53":[0,0,0],"54":[0,0],"55":[0],"56":[0,0],"57":[0,0],"58":[0],"59":[0,0],"60":[0],"61":[0,0],"62":[0],"63":[0],"64":[0],"65":[0],"66":[0,0],"67":[0],"68":[0,0,0],"69":[0],"70":[0,0],"71":[0],"72":[0,0],"73":[0],"74":[0,0],"75":[0],"76":[0,0],"77":[0,0],"78":[0],"79":[0,0],"80":[0,0]}}
,"/home/batman/Desktop/antigravity/GLS/backend/src/db.ts": {"path":"/home/batman/Desktop/antigravity/GLS/backend/src/db.ts","statementMap":{"0":{"start":{"line":1,"column":0},"end":{"line":1,"column":38}},"1":{"start":{"line":2,"column":0},"end":{"line":2,"column":24}},"2":{"start":{"line":3,"column":0},"end":{"line":3,"column":20}},"3":{"start":{"line":5,"column":16},"end":{"line":5,"column":54}},"4":{"start":{"line":6,"column":20},"end":{"line":6,"column":60}},"5":{"start":{"line":9,"column":14},"end":{"line":9,"column":35}},"6":{"start":{"line":10,"column":0},"end":{"line":12,"column":1}},"7":{"start":{"line":11,"column":4},"end":{"line":11,"column":45}},"8":{"start":{"line":15,"column":11},"end":{"line":15,"column":32}},"9":{"start":{"line":18,"column":0},"end":{"line":18,"column":31}},"10":{"start":{"line":22,"column":4},"end":{"line":29,"column":5}},"11":{"start":{"line":23,"column":23},"end":{"line":23,"column":59}},"12":{"start":{"line":24,"column":8},"end":{"line":24,"column":24}},"13":{"start":{"line":25,"column":8},"end":{"line":25,"column":64}},"14":{"start":{"line":27,"column":8},"end":{"line":27,"column":68}},"15":{"start":{"line":28,"column":8},"end":{"line":28,"column":20}},"16":{"start":{"line":33,"column":0},"end":{"line":33,"column":19}},"17":{"start":{"line":35,"column":0},"end":{"line":35,"column":18}}},"fnMap":{"0":{"name":"initializeSchema","decl":{"start":{"line":21,"column":9},"end":{"line":21,"column":25}},"loc":{"start":{"line":21,"column":25},"end":{"line":30,"column":1}}}},"branchMap":{"0":{"loc":{"start":{"line":10,"column":0},"end":{"line":12,"column":1}},"type":"if","locations":[{"start":{"line":10,"column":0},"end":{"line":12,"column":1}}]}},"s":{"0":0,"1":0,"2":0,"3":0,"4":0,"5":0,"6":0,"7":0,"8":0,"9":0,"10":0,"11":0,"12":0,"13":0,"14":0,"15":0,"16":0,"17":0},"f":{"0":0},"b":{"0":[0]}}
,"/home/batman/Desktop/antigravity/GLS/backend/src/generator.ts": {"path":"/home/batman/Desktop/antigravity/GLS/backend/src/generator.ts","statementMap":{"0":{"start":{"line":34,"column":0},"end":{"line":34,"column":16}},"1":{"start":{"line":72,"column":0},"end":{"line":72,"column":16}},"2":{"start":{"line":234,"column":0},"end":{"line":234,"column":16}},"3":{"start":{"line":2,"column":0},"end":{"line":2,"column":20}},"4":{"start":{"line":3,"column":0},"end":{"line":3,"column":24}},"5":{"start":{"line":8,"column":2},"end":{"line":8,"column":45}},"6":{"start":{"line":12,"column":2},"end":{"line":12,"column":55}},"7":{"start":{"line":12,"column":45},"end":{"line":12,"column":55}},"8":{"start":{"line":13,"column":12},"end":{"line":13,"column":25}},"9":{"start":{"line":14,"column":2},"end":{"line":16,"column":3}},"10":{"start":{"line":15,"column":4},"end":{"line":15,"column":40}},"11":{"start":{"line":17,"column":2},"end":{"line":17,"column":11}},"12":{"start":{"line":21,"column":2},"end":{"line":21,"column":65}},"13":{"start":{"line":25,"column":2},"end":{"line":25,"column":33}},"14":{"start":{"line":25,"column":16},"end":{"line":25,"column":33}},"15":{"start":{"line":26,"column":10},"end":{"line":26,"column":32}},"16":{"start":{"line":27,"column":2},"end":{"line":27,"column":67}},"17":{"start":{"line":28,"column":2},"end":{"line":28,"column":39}},"18":{"start":{"line":29,"column":2},"end":{"line":29,"column":52}},"19":{"start":{"line":30,"column":2},"end":{"line":30,"column":25}},"20":{"start":{"line":35,"column":23},"end":{"line":35,"column":43}},"21":{"start":{"line":36,"column":2},"end":{"line":36,"column":26}},"22":{"start":{"line":38,"column":17},"end":{"line":41,"column":4}},"23":{"start":{"line":42,"column":25},"end":{"line":42,"column":43}},"24":{"start":{"line":44,"column":2},"end":{"line":65,"column":3}},"25":{"start":{"line":45,"column":14},"end":{"line":45,"column":28}},"26":{"start":{"line":46,"column":15},"end":{"line":46,"column":25}},"27":{"start":{"line":47,"column":19},"end":{"line":47,"column":33}},"28":{"start":{"line":48,"column":18},"end":{"line":48,"column":31}},"29":{"start":{"line":49,"column":19},"end":{"line":49,"column":48}},"30":{"start":{"line":50,"column":21},"end":{"line":50,"column":23}},"31":{"start":{"line":51,"column":4},"end":{"line":57,"column":5}},"32":{"start":{"line":52,"column":18},"end":{"line":52,"column":50}},"33":{"start":{"line":53,"column":18},"end":{"line":53,"column":34}},"34":{"start":{"line":54,"column":6},"end":{"line":56,"column":7}},"35":{"start":{"line":55,"column":8},"end":{"line":55,"column":54}},"36":{"start":{"line":58,"column":17},"end":{"line":58,"column":29}},"37":{"start":{"line":59,"column":16},"end":{"line":63,"column":15}},"38":{"start":{"line":64,"column":4},"end":{"line":64,"column":19}},"39":{"start":{"line":67,"column":18},"end":{"line":67,"column":63}},"40":{"start":{"line":68,"column":2},"end":{"line":68,"column":53}},"41":{"start":{"line":73,"column":2},"end":{"line":73,"column":38}},"42":{"start":{"line":73,"column":28},"end":{"line":73,"column":38}},"43":{"start":{"line":74,"column":2},"end":{"line":74,"column":20}},"44":{"start":{"line":76,"column":60},"end":{"line":76,"column":62}},"45":{"start":{"line":79,"column":52},"end":{"line":79,"column":54}},"46":{"start":{"line":80,"column":2},"end":{"line":86,"column":3}},"47":{"start":{"line":81,"column":14},"end":{"line":81,"column":29}},"48":{"start":{"line":82,"column":19},"end":{"line":82,"column":47}},"49":{"start":{"line":83,"column":4},"end":{"line":83,"column":26}},"50":{"start":{"line":83,"column":17},"end":{"line":83,"column":26}},"51":{"start":{"line":84,"column":4},"end":{"line":84,"column":60}},"52":{"start":{"line":85,"column":4},"end":{"line":85,"column":37}},"53":{"start":{"line":89,"column":48},"end":{"line":89,"column":50}},"54":{"start":{"line":90,"column":2},"end":{"line":95,"column":3}},"55":{"start":{"line":91,"column":14},"end":{"line":91,"column":31}},"56":{"start":{"line":92,"column":22},"end":{"line":92,"column":44}},"57":{"start":{"line":93,"column":4},"end":{"line":93,"column":64}},"58":{"start":{"line":94,"column":4},"end":{"line":94,"column":38}},"59":{"start":{"line":99,"column":30},"end":{"line":99,"column":43}},"60":{"start":{"line":100,"column":31},"end":{"line":100,"column":33}},"61":{"start":{"line":103,"column":4},"end":{"line":115,"column":5}},"62":{"start":{"line":104,"column":24},"end":{"line":104,"column":45}},"63":{"start":{"line":105,"column":6},"end":{"line":105,"column":23}},"64":{"start":{"line":106,"column":6},"end":{"line":106,"column":39}},"65":{"start":{"line":107,"column":6},"end":{"line":112,"column":7}},"66":{"start":{"line":108,"column":20},"end":{"line":108,"column":41}},"67":{"start":{"line":109,"column":24},"end":{"line":109,"column":48}},"68":{"start":{"line":110,"column":19},"end":{"line":110,"column":57}},"69":{"start":{"line":111,"column":8},"end":{"line":111,"column":45}},"70":{"start":{"line":113,"column":6},"end":{"line":113,"column":26}},"71":{"start":{"line":114,"column":6},"end":{"line":114,"column":23}},"72":{"start":{"line":118,"column":4},"end":{"line":159,"column":5}},"73":{"start":{"line":119,"column":20},"end":{"line":119,"column":41}},"74":{"start":{"line":120,"column":6},"end":{"line":158,"column":7}},"75":{"start":{"line":121,"column":20},"end":{"line":121,"column":41}},"76":{"start":{"line":122,"column":8},"end":{"line":157,"column":9}},"77":{"start":{"line":123,"column":24},"end":{"line":123,"column":85}},"78":{"start":{"line":124,"column":24},"end":{"line":124,"column":76}},"79":{"start":{"line":125,"column":25},"end":{"line":125,"column":58}},"80":{"start":{"line":126,"column":10},"end":{"line":126,"column":69}},"81":{"start":{"line":126,"column":53},"end":{"line":126,"column":69}},"82":{"start":{"line":127,"column":10},"end":{"line":134,"column":11}},"83":{"start":{"line":128,"column":26},"end":{"line":128,"column":46}},"84":{"start":{"line":129,"column":12},"end":{"line":133,"column":13}},"85":{"start":{"line":130,"column":28},"end":{"line":130,"column":44}},"86":{"start":{"line":131,"column":14},"end":{"line":131,"column":60}},"87":{"start":{"line":132,"column":14},"end":{"line":132,"column":61}},"88":{"start":{"line":135,"column":10},"end":{"line":156,"column":11}},"89":{"start":{"line":136,"column":31},"end":{"line":136,"column":76}},"90":{"start":{"line":137,"column":43},"end":{"line":137,"column":47}},"91":{"start":{"line":138,"column":12},"end":{"line":150,"column":13}},"92":{"start":{"line":138,"column":41},"end":{"line":138,"column":67}},"93":{"start":{"line":139,"column":17},"end":{"line":150,"column":13}},"94":{"start":{"line":140,"column":29},"end":{"line":140,"column":43}},"95":{"start":{"line":141,"column":25},"end":{"line":141,"column":35}},"96":{"start":{"line":142,"column":29},"end":{"line":142,"column":110}},"97":{"start":{"line":142,"column":50},"end":{"line":142,"column":109}},"98":{"start":{"line":143,"column":14},"end":{"line":143,"column":50}},"99":{"start":{"line":146,"column":28},"end":{"line":146,"column":50}},"100":{"start":{"line":147,"column":14},"end":{"line":149,"column":15}},"101":{"start":{"line":148,"column":16},"end":{"line":148,"column":34}},"102":{"start":{"line":151,"column":12},"end":{"line":155,"column":13}},"103":{"start":{"line":152,"column":33},"end":{"line":152,"column":119}},"104":{"start":{"line":153,"column":28},"end":{"line":153,"column":58}},"105":{"start":{"line":154,"column":14},"end":{"line":154,"column":76}},"106":{"start":{"line":162,"column":4},"end":{"line":195,"column":5}},"107":{"start":{"line":163,"column":20},"end":{"line":163,"column":41}},"108":{"start":{"line":164,"column":21},"end":{"line":164,"column":41}},"109":{"start":{"line":165,"column":17},"end":{"line":165,"column":34}},"110":{"start":{"line":166,"column":6},"end":{"line":194,"column":7}},"111":{"start":{"line":167,"column":20},"end":{"line":167,"column":41}},"112":{"start":{"line":168,"column":8},"end":{"line":168,"column":36}},"113":{"start":{"line":168,"column":27},"end":{"line":168,"column":36}},"114":{"start":{"line":169,"column":8},"end":{"line":169,"column":64}},"115":{"start":{"line":169,"column":55},"end":{"line":169,"column":64}},"116":{"start":{"line":170,"column":21},"end":{"line":170,"column":67}},"117":{"start":{"line":171,"column":8},"end":{"line":171,"column":28}},"118":{"start":{"line":171,"column":19},"end":{"line":171,"column":28}},"119":{"start":{"line":172,"column":34},"end":{"line":172,"column":83}},"120":{"start":{"line":173,"column":39},"end":{"line":173,"column":43}},"121":{"start":{"line":174,"column":43},"end":{"line":174,"column":47}},"122":{"start":{"line":175,"column":8},"end":{"line":186,"column":9}},"123":{"start":{"line":176,"column":24},"end":{"line":176,"column":45}},"124":{"start":{"line":177,"column":10},"end":{"line":185,"column":11}},"125":{"start":{"line":178,"column":12},"end":{"line":178,"column":33}},"126":{"start":{"line":179,"column":12},"end":{"line":183,"column":13}},"127":{"start":{"line":179,"column":36},"end":{"line":179,"column":57}},"128":{"start":{"line":181,"column":29},"end":{"line":181,"column":105}},"129":{"start":{"line":181,"column":45},"end":{"line":181,"column":104}},"130":{"start":{"line":182,"column":14},"end":{"line":182,"column":45}},"131":{"start":{"line":184,"column":12},"end":{"line":184,"column":18}},"132":{"start":{"line":187,"column":8},"end":{"line":193,"column":9}},"133":{"start":{"line":188,"column":29},"end":{"line":188,"column":79}},"134":{"start":{"line":189,"column":10},"end":{"line":192,"column":11}},"135":{"start":{"line":190,"column":26},"end":{"line":190,"column":50}},"136":{"start":{"line":191,"column":12},"end":{"line":191,"column":74}},"137":{"start":{"line":197,"column":4},"end":{"line":202,"column":5}},"138":{"start":{"line":198,"column":6},"end":{"line":198,"column":23}},"139":{"start":{"line":199,"column":6},"end":{"line":199,"column":41}},"140":{"start":{"line":200,"column":6},"end":{"line":200,"column":32}},"141":{"start":{"line":201,"column":6},"end":{"line":201,"column":23}},"142":{"start":{"line":204,"column":20},"end":{"line":204,"column":72}},"143":{"start":{"line":205,"column":20},"end":{"line":205,"column":47}},"144":{"start":{"line":206,"column":4},"end":{"line":206,"column":47}},"145":{"start":{"line":207,"column":4},"end":{"line":208,"column":51}},"146":{"start":{"line":207,"column":17},"end":{"line":207,"column":62}},"147":{"start":{"line":208,"column":9},"end":{"line":208,"column":51}},"148":{"start":{"line":212,"column":2},"end":{"line":219,"column":3}},"149":{"start":{"line":213,"column":18},"end":{"line":213,"column":39}},"150":{"start":{"line":214,"column":15},"end":{"line":214,"column":23}},"151":{"start":{"line":215,"column":19},"end":{"line":215,"column":39}},"152":{"start":{"line":216,"column":19},"end":{"line":216,"column":44}},"153":{"start":{"line":217,"column":21},"end":{"line":217,"column":46}},"154":{"start":{"line":218,"column":4},"end":{"line":218,"column":29}},"155":{"start":{"line":222,"column":27},"end":{"line":222,"column":29}},"156":{"start":{"line":223,"column":2},"end":{"line":225,"column":3}},"157":{"start":{"line":224,"column":4},"end":{"line":224,"column":49}},"158":{"start":{"line":226,"column":2},"end":{"line":228,"column":3}},"159":{"start":{"line":227,"column":4},"end":{"line":227,"column":43}},"160":{"start":{"line":230,"column":2},"end":{"line":230,"column":17}},"161":{"start":{"line":235,"column":2},"end":{"line":235,"column":44}},"162":{"start":{"line":236,"column":23},"end":{"line":236,"column":25}},"163":{"start":{"line":237,"column":23},"end":{"line":237,"column":25}},"164":{"start":{"line":238,"column":53},"end":{"line":238,"column":55}},"165":{"start":{"line":240,"column":2},"end":{"line":244,"column":3}},"166":{"start":{"line":241,"column":14},"end":{"line":241,"column":30}},"167":{"start":{"line":242,"column":22},"end":{"line":242,"column":34}},"168":{"start":{"line":243,"column":4},"end":{"line":243,"column":83}},"169":{"start":{"line":246,"column":2},"end":{"line":254,"column":3}},"170":{"start":{"line":247,"column":14},"end":{"line":247,"column":33}},"171":{"start":{"line":248,"column":24},"end":{"line":248,"column":58}},"172":{"start":{"line":249,"column":4},"end":{"line":249,"column":146}},"173":{"start":{"line":250,"column":4},"end":{"line":253,"column":5}},"174":{"start":{"line":251,"column":24},"end":{"line":251,"column":69}},"175":{"start":{"line":252,"column":6},"end":{"line":252,"column":142}},"176":{"start":{"line":256,"column":20},"end":{"line":256,"column":21}},"177":{"start":{"line":257,"column":21},"end":{"line":257,"column":46}},"178":{"start":{"line":257,"column":27},"end":{"line":257,"column":46}},"179":{"start":{"line":259,"column":2},"end":{"line":319,"column":3}},"180":{"start":{"line":260,"column":15},"end":{"line":260,"column":29}},"181":{"start":{"line":261,"column":17},"end":{"line":261,"column":29}},"182":{"start":{"line":262,"column":22},"end":{"line":262,"column":39}},"183":{"start":{"line":264,"column":4},"end":{"line":278,"column":5}},"184":{"start":{"line":265,"column":6},"end":{"line":276,"column":7}},"185":{"start":{"line":266,"column":24},"end":{"line":266,"column":50}},"186":{"start":{"line":267,"column":26},"end":{"line":267,"column":68}},"187":{"start":{"line":268,"column":8},"end":{"line":270,"column":9}},"188":{"start":{"line":268,"column":29},"end":{"line":268,"column":47}},"189":{"start":{"line":269,"column":10},"end":{"line":269,"column":139}},"190":{"start":{"line":271,"column":27},"end":{"line":271,"column":81}},"191":{"start":{"line":272,"column":8},"end":{"line":272,"column":200}},"192":{"start":{"line":273,"column":29},"end":{"line":273,"column":88}},"193":{"start":{"line":274,"column":8},"end":{"line":274,"column":87}},"194":{"start":{"line":275,"column":8},"end":{"line":275,"column":55}},"195":{"start":{"line":277,"column":6},"end":{"line":277,"column":15}},"196":{"start":{"line":280,"column":4},"end":{"line":291,"column":5}},"197":{"start":{"line":281,"column":24},"end":{"line":281,"column":60}},"198":{"start":{"line":282,"column":6},"end":{"line":284,"column":7}},"199":{"start":{"line":282,"column":27},"end":{"line":282,"column":45}},"200":{"start":{"line":283,"column":8},"end":{"line":283,"column":133}},"201":{"start":{"line":285,"column":25},"end":{"line":285,"column":75}},"202":{"start":{"line":286,"column":6},"end":{"line":286,"column":198}},"203":{"start":{"line":287,"column":27},"end":{"line":287,"column":86}},"204":{"start":{"line":288,"column":6},"end":{"line":288,"column":85}},"205":{"start":{"line":289,"column":6},"end":{"line":289,"column":49}},"206":{"start":{"line":290,"column":6},"end":{"line":290,"column":15}},"207":{"start":{"line":294,"column":4},"end":{"line":305,"column":5}},"208":{"start":{"line":295,"column":24},"end":{"line":295,"column":45}},"209":{"start":{"line":296,"column":6},"end":{"line":298,"column":7}},"210":{"start":{"line":296,"column":27},"end":{"line":296,"column":45}},"211":{"start":{"line":297,"column":8},"end":{"line":297,"column":109}},"212":{"start":{"line":299,"column":25},"end":{"line":299,"column":75}},"213":{"start":{"line":300,"column":6},"end":{"line":300,"column":131}},"214":{"start":{"line":301,"column":27},"end":{"line":301,"column":84}},"215":{"start":{"line":302,"column":6},"end":{"line":302,"column":85}},"216":{"start":{"line":303,"column":6},"end":{"line":303,"column":49}},"217":{"start":{"line":304,"column":6},"end":{"line":304,"column":15}},"218":{"start":{"line":308,"column":22},"end":{"line":308,"column":84}},"219":{"start":{"line":309,"column":4},"end":{"line":311,"column":5}},"220":{"start":{"line":309,"column":25},"end":{"line":309,"column":43}},"221":{"start":{"line":310,"column":6},"end":{"line":310,"column":144}},"222":{"start":{"line":312,"column":4},"end":{"line":318,"column":5}},"223":{"start":{"line":313,"column":25},"end":{"line":313,"column":75}},"224":{"start":{"line":314,"column":6},"end":{"line":314,"column":138}},"225":{"start":{"line":315,"column":27},"end":{"line":315,"column":86}},"226":{"start":{"line":316,"column":6},"end":{"line":316,"column":85}},"227":{"start":{"line":317,"column":6},"end":{"line":317,"column":49}},"228":{"start":{"line":321,"column":29},"end":{"line":321,"column":31}},"229":{"start":{"line":322,"column":18},"end":{"line":322,"column":19}},"230":{"start":{"line":323,"column":2},"end":{"line":327,"column":3}},"231":{"start":{"line":324,"column":33},"end":{"line":324,"column":45}},"232":{"start":{"line":325,"column":17},"end":{"line":325,"column":45}},"233":{"start":{"line":326,"column":4},"end":{"line":326,"column":110}},"234":{"start":{"line":329,"column":14},"end":{"line":329,"column":43}},"235":{"start":{"line":330,"column":2},"end":{"line":330,"column":92}},"236":{"start":{"line":331,"column":2},"end":{"line":331,"column":13}}},"fnMap":{"0":{"name":"ensureDir","decl":{"start":{"line":7,"column":9},"end":{"line":7,"column":18}},"loc":{"start":{"line":7,"column":34},"end":{"line":9,"column":1}}},"1":{"name":"csvEscape","decl":{"start":{"line":11,"column":9},"end":{"line":11,"column":18}},"loc":{"start":{"line":11,"column":29},"end":{"line":18,"column":1}}},"2":{"name":"sanitizeName","decl":{"start":{"line":20,"column":9},"end":{"line":20,"column":21}},"loc":{"start":{"line":20,"column":33},"end":{"line":22,"column":1}}},"3":{"name":"sanitizeTypeForMermaid","decl":{"start":{"line":24,"column":9},"end":{"line":24,"column":31}},"loc":{"start":{"line":24,"column":66},"end":{"line":31,"column":1}}},"4":{"name":"writeMappingCSV","decl":{"start":{"line":34,"column":16},"end":{"line":34,"column":31}},"loc":{"start":{"line":34,"column":66},"end":{"line":69,"column":1}}},"5":{"name":"generateMermaidERD","decl":{"start":{"line":72,"column":16},"end":{"line":72,"column":34}},"loc":{"start":{"line":72,"column":59},"end":{"line":231,"column":1}}},"6":{"name":"emitER","decl":{"start":{"line":98,"column":11},"end":{"line":98,"column":17}},"loc":{"start":{"line":98,"column":75},"end":{"line":209,"column":3}}},"7":{"name":"(anonymous_8)","decl":{"start":{"line":142,"column":45},"end":{"line":142,"column":46}},"loc":{"start":{"line":142,"column":50},"end":{"line":142,"column":109}}},"8":{"name":"(anonymous_9)","decl":{"start":{"line":181,"column":40},"end":{"line":181,"column":41}},"loc":{"start":{"line":181,"column":45},"end":{"line":181,"column":104}}},"9":{"name":"generateLineageJSON","decl":{"start":{"line":234,"column":16},"end":{"line":234,"column":35}},"loc":{"start":{"line":234,"column":60},"end":{"line":332,"column":1}}},"10":{"name":"(anonymous_11)","decl":{"start":{"line":257,"column":21},"end":{"line":257,"column":24}},"loc":{"start":{"line":257,"column":27},"end":{"line":257,"column":46}}},"11":{"name":"(anonymous_12)","decl":{"start":{"line":268,"column":24},"end":{"line":268,"column":25}},"loc":{"start":{"line":268,"column":29},"end":{"line":268,"column":47}}},"12":{"name":"(anonymous_13)","decl":{"start":{"line":282,"column":22},"end":{"line":282,"column":23}},"loc":{"start":{"line":282,"column":27},"end":{"line":282,"column":45}}},"13":{"name":"(anonymous_14)","decl":{"start":{"line":296,"column":22},"end":{"line":296,"column":23}},"loc":{"start":{"line":296,"column":27},"end":{"line":296,"column":45}}},"14":{"name":"(anonymous_15)","decl":{"start":{"line":309,"column":20},"end":{"line":309,"column":21}},"loc":{"start":{"line":309,"column":25},"end":{"line":309,"column":43}}}},"branchMap":{"0":{"loc":{"start":{"line":12,"column":2},"end":{"line":12,"column":55}},"type":"if","locations":[{"start":{"line":12,"column":2},"end":{"line":12,"column":55}}]},"1":{"loc":{"start":{"line":12,"column":6},"end":{"line":12,"column":43}},"type":"binary-expr","locations":[{"start":{"line":12,"column":6},"end":{"line":12,"column":20}},{"start":{"line":12,"column":24},"end":{"line":12,"column":43}}]},"2":{"loc":{"start":{"line":14,"column":2},"end":{"line":16,"column":3}},"type":"if","locations":[{"start":{"line":14,"column":2},"end":{"line":16,"column":3}}]},"3":{"loc":{"start":{"line":14,"column":6},"end":{"line":14,"column":60}},"type":"binary-expr","locations":[{"start":{"line":14,"column":6},"end":{"line":14,"column":21}},{"start":{"line":14,"column":25},"end":{"line":14,"column":40}},{"start":{"line":14,"column":44},"end":{"line":14,"column":60}}]},"4":{"loc":{"start":{"line":21,"column":16},"end":{"line":21,"column":25}},"type":"binary-expr","locations":[{"start":{"line":21,"column":16},"end":{"line":21,"column":19}},{"start":{"line":21,"column":23},"end":{"line":21,"column":25}}]},"5":{"loc":{"start":{"line":25,"column":2},"end":{"line":25,"column":33}},"type":"if","locations":[{"start":{"line":25,"column":2},"end":{"line":25,"column":33}}]},"6":{"loc":{"start":{"line":44,"column":18},"end":{"line":44,"column":36}},"type":"binary-expr","locations":[{"start":{"line":44,"column":18},"end":{"line":44,"column":30}},{"start":{"line":44,"column":34},"end":{"line":44,"column":36}}]},"7":{"loc":{"start":{"line":45,"column":14},"end":{"line":45,"column":28}},"type":"binary-expr","locations":[{"start":{"line":45,"column":14},"end":{"line":45,"column":22}},{"start":{"line":45,"column":26},"end":{"line":45,"column":28}}]},"8":{"loc":{"start":{"line":46,"column":15},"end":{"line":46,"column":25}},"type":"binary-expr","locations":[{"start":{"line":46,"column":15},"end":{"line":46,"column":19}},{"start":{"line":46,"column":23},"end":{"line":46,"column":25}}]},"9":{"loc":{"start":{"line":47,"column":19},"end":{"line":47,"column":33}},"type":"binary-expr","locations":[{"start":{"line":47,"column":19},"end":{"line":47,"column":27}},{"start":{"line":47,"column":31},"end":{"line":47,"column":33}}]},"10":{"loc":{"start":{"line":48,"column":18},"end":{"line":48,"column":31}},"type":"binary-expr","locations":[{"start":{"line":48,"column":18},"end":{"line":48,"column":25}},{"start":{"line":48,"column":29},"end":{"line":48,"column":31}}]},"11":{"loc":{"start":{"line":49,"column":19},"end":{"line":49,"column":48}},"type":"binary-expr","locations":[{"start":{"line":49,"column":19},"end":{"line":49,"column":27}},{"start":{"line":49,"column":31},"end":{"line":49,"column":42}},{"start":{"line":49,"column":46},"end":{"line":49,"column":48}}]},"12":{"loc":{"start":{"line":51,"column":4},"end":{"line":57,"column":5}},"type":"if","locations":[{"start":{"line":51,"column":4},"end":{"line":57,"column":5}}]},"13":{"loc":{"start":{"line":51,"column":8},"end":{"line":51,"column":62}},"type":"binary-expr","locations":[{"start":{"line":51,"column":8},"end":{"line":51,"column":12}},{"start":{"line":51,"column":16},"end":{"line":51,"column":24}},{"start":{"line":51,"column":28},"end":{"line":51,"column":35}},{"start":{"line":51,"column":39},"end":{"line":51,"column":47}},{"start":{"line":51,"column":51},"end":{"line":51,"column":62}}]},"14":{"loc":{"start":{"line":54,"column":6},"end":{"line":56,"column":7}},"type":"if","locations":[{"start":{"line":54,"column":6},"end":{"line":56,"column":7}}]},"15":{"loc":{"start":{"line":54,"column":10},"end":{"line":54,"column":53}},"type":"binary-expr","locations":[{"start":{"line":54,"column":10},"end":{"line":54,"column":13}},{"start":{"line":54,"column":17},"end":{"line":54,"column":28}},{"start":{"line":54,"column":32},"end":{"line":54,"column":53}}]},"16":{"loc":{"start":{"line":55,"column":21},"end":{"line":55,"column":53}},"type":"binary-expr","locations":[{"start":{"line":55,"column":21},"end":{"line":55,"column":47}},{"start":{"line":55,"column":51},"end":{"line":55,"column":53}}]},"17":{"loc":{"start":{"line":58,"column":17},"end":{"line":58,"column":29}},"type":"binary-expr","locations":[{"start":{"line":58,"column":17},"end":{"line":58,"column":23}},{"start":{"line":58,"column":27},"end":{"line":58,"column":29}}]},"18":{"loc":{"start":{"line":61,"column":16},"end":{"line":61,"column":36}},"type":"binary-expr","locations":[{"start":{"line":61,"column":16},"end":{"line":61,"column":30}},{"start":{"line":61,"column":34},"end":{"line":61,"column":36}}]},"19":{"loc":{"start":{"line":61,"column":49},"end":{"line":61,"column":64}},"type":"binary-expr","locations":[{"start":{"line":61,"column":49},"end":{"line":61,"column":58}},{"start":{"line":61,"column":62},"end":{"line":61,"column":64}}]},"20":{"loc":{"start":{"line":61,"column":77},"end":{"line":61,"column":97}},"type":"binary-expr","locations":[{"start":{"line":61,"column":77},"end":{"line":61,"column":91}},{"start":{"line":61,"column":95},"end":{"line":61,"column":97}}]},"21":{"loc":{"start":{"line":62,"column":16},"end":{"line":62,"column":34}},"type":"binary-expr","locations":[{"start":{"line":62,"column":16},"end":{"line":62,"column":28}},{"start":{"line":62,"column":32},"end":{"line":62,"column":34}}]},"22":{"loc":{"start":{"line":62,"column":47},"end":{"line":62,"column":62}},"type":"binary-expr","locations":[{"start":{"line":62,"column":47},"end":{"line":62,"column":56}},{"start":{"line":62,"column":60},"end":{"line":62,"column":62}}]},"23":{"loc":{"start":{"line":62,"column":75},"end":{"line":62,"column":88}},"type":"binary-expr","locations":[{"start":{"line":62,"column":75},"end":{"line":62,"column":82}},{"start":{"line":62,"column":86},"end":{"line":62,"column":88}}]},"24":{"loc":{"start":{"line":73,"column":2},"end":{"line":73,"column":38}},"type":"if","locations":[{"start":{"line":73,"column":2},"end":{"line":73,"column":38}}]},"25":{"loc":{"start":{"line":73,"column":6},"end":{"line":73,"column":26}},"type":"binary-expr","locations":[{"start":{"line":73,"column":6},"end":{"line":73,"column":10}},{"start":{"line":73,"column":14},"end":{"line":73,"column":26}}]},"26":{"loc":{"start":{"line":80,"column":31},"end":{"line":80,"column":48}},"type":"binary-expr","locations":[{"start":{"line":80,"column":31},"end":{"line":80,"column":42}},{"start":{"line":80,"column":46},"end":{"line":80,"column":48}}]},"27":{"loc":{"start":{"line":82,"column":26},"end":{"line":82,"column":39}},"type":"binary-expr","locations":[{"start":{"line":82,"column":26},"end":{"line":82,"column":33}},{"start":{"line":82,"column":37},"end":{"line":82,"column":39}}]},"28":{"loc":{"start":{"line":83,"column":4},"end":{"line":83,"column":26}},"type":"if","locations":[{"start":{"line":83,"column":4},"end":{"line":83,"column":26}}]},"29":{"loc":{"start":{"line":84,"column":30},"end":{"line":84,"column":59}},"type":"binary-expr","locations":[{"start":{"line":84,"column":30},"end":{"line":84,"column":53}},{"start":{"line":84,"column":57},"end":{"line":84,"column":59}}]},"30":{"loc":{"start":{"line":90,"column":33},"end":{"line":90,"column":50}},"type":"binary-expr","locations":[{"start":{"line":90,"column":33},"end":{"line":90,"column":44}},{"start":{"line":90,"column":48},"end":{"line":90,"column":50}}]},"31":{"loc":{"start":{"line":93,"column":32},"end":{"line":93,"column":63}},"type":"binary-expr","locations":[{"start":{"line":93,"column":32},"end":{"line":93,"column":57}},{"start":{"line":93,"column":61},"end":{"line":93,"column":63}}]},"32":{"loc":{"start":{"line":98,"column":51},"end":{"line":98,"column":75}},"type":"default-arg","locations":[{"start":{"line":98,"column":70},"end":{"line":98,"column":75}}]},"33":{"loc":{"start":{"line":107,"column":43},"end":{"line":107,"column":58}},"type":"binary-expr","locations":[{"start":{"line":107,"column":43},"end":{"line":107,"column":52}},{"start":{"line":107,"column":56},"end":{"line":107,"column":58}}]},"34":{"loc":{"start":{"line":110,"column":42},"end":{"line":110,"column":56}},"type":"binary-expr","locations":[{"start":{"line":110,"column":42},"end":{"line":110,"column":50}},{"start":{"line":110,"column":54},"end":{"line":110,"column":56}}]},"35":{"loc":{"start":{"line":120,"column":43},"end":{"line":120,"column":58}},"type":"binary-expr","locations":[{"start":{"line":120,"column":43},"end":{"line":120,"column":52}},{"start":{"line":120,"column":56},"end":{"line":120,"column":58}}]},"36":{"loc":{"start":{"line":122,"column":8},"end":{"line":157,"column":9}},"type":"if","locations":[{"start":{"line":122,"column":8},"end":{"line":157,"column":9}}]},"37":{"loc":{"start":{"line":122,"column":12},"end":{"line":122,"column":25}},"type":"binary-expr","locations":[{"start":{"line":122,"column":12},"end":{"line":122,"column":15}},{"start":{"line":122,"column":19},"end":{"line":122,"column":25}}]},"38":{"loc":{"start":{"line":123,"column":24},"end":{"line":123,"column":85}},"type":"cond-expr","locations":[{"start":{"line":123,"column":53},"end":{"line":123,"column":70}},{"start":{"line":123,"column":73},"end":{"line":123,"column":85}}]},"39":{"loc":{"start":{"line":123,"column":73},"end":{"line":123,"column":85}},"type":"binary-expr","locations":[{"start":{"line":123,"column":73},"end":{"line":123,"column":79}},{"start":{"line":123,"column":83},"end":{"line":123,"column":85}}]},"40":{"loc":{"start":{"line":124,"column":24},"end":{"line":124,"column":76}},"type":"binary-expr","locations":[{"start":{"line":124,"column":24},"end":{"line":124,"column":35}},{"start":{"line":124,"column":39},"end":{"line":124,"column":55}},{"start":{"line":124,"column":59},"end":{"line":124,"column":68}},{"start":{"line":124,"column":72},"end":{"line":124,"column":76}}]},"41":{"loc":{"start":{"line":125,"column":25},"end":{"line":125,"column":58}},"type":"binary-expr","locations":[{"start":{"line":125,"column":25},"end":{"line":125,"column":37}},{"start":{"line":125,"column":41},"end":{"line":125,"column":50}},{"start":{"line":125,"column":54},"end":{"line":125,"column":58}}]},"42":{"loc":{"start":{"line":126,"column":10},"end":{"line":126,"column":69}},"type":"if","locations":[{"start":{"line":126,"column":10},"end":{"line":126,"column":69}}]},"43":{"loc":{"start":{"line":126,"column":14},"end":{"line":126,"column":51}},"type":"binary-expr","locations":[{"start":{"line":126,"column":14},"end":{"line":126,"column":22}},{"start":{"line":126,"column":26},"end":{"line":126,"column":51}}]},"44":{"loc":{"start":{"line":127,"column":10},"end":{"line":134,"column":11}},"type":"if","locations":[{"start":{"line":127,"column":10},"end":{"line":134,"column":11}}]},"45":{"loc":{"start":{"line":129,"column":12},"end":{"line":133,"column":13}},"type":"if","locations":[{"start":{"line":129,"column":12},"end":{"line":133,"column":13}}]},"46":{"loc":{"start":{"line":131,"column":24},"end":{"line":131,"column":59}},"type":"binary-expr","locations":[{"start":{"line":131,"column":24},"end":{"line":131,"column":47}},{"start":{"line":131,"column":51},"end":{"line":131,"column":59}}]},"47":{"loc":{"start":{"line":132,"column":25},"end":{"line":132,"column":60}},"type":"binary-expr","locations":[{"start":{"line":132,"column":25},"end":{"line":132,"column":33}},{"start":{"line":132,"column":37},"end":{"line":132,"column":60}}]},"48":{"loc":{"start":{"line":135,"column":10},"end":{"line":156,"column":11}},"type":"if","locations":[{"start":{"line":135,"column":10},"end":{"line":156,"column":11}}]},"49":{"loc":{"start":{"line":136,"column":31},"end":{"line":136,"column":76}},"type":"binary-expr","locations":[{"start":{"line":136,"column":31},"end":{"line":136,"column":70}},{"start":{"line":136,"column":74},"end":{"line":136,"column":76}}]},"50":{"loc":{"start":{"line":138,"column":12},"end":{"line":150,"column":13}},"type":"if","locations":[{"start":{"line":138,"column":12},"end":{"line":150,"column":13}},{"start":{"line":139,"column":17},"end":{"line":150,"column":13}}]},"51":{"loc":{"start":{"line":139,"column":17},"end":{"line":150,"column":13}},"type":"if","locations":[{"start":{"line":139,"column":17},"end":{"line":150,"column":13}},{"start":{"line":144,"column":19},"end":{"line":150,"column":13}}]},"52":{"loc":{"start":{"line":140,"column":29},"end":{"line":140,"column":43}},"type":"binary-expr","locations":[{"start":{"line":140,"column":29},"end":{"line":140,"column":37}},{"start":{"line":140,"column":41},"end":{"line":140,"column":43}}]},"53":{"loc":{"start":{"line":141,"column":25},"end":{"line":141,"column":35}},"type":"binary-expr","locations":[{"start":{"line":141,"column":25},"end":{"line":141,"column":29}},{"start":{"line":141,"column":33},"end":{"line":141,"column":35}}]},"54":{"loc":{"start":{"line":142,"column":50},"end":{"line":142,"column":109}},"type":"binary-expr","locations":[{"start":{"line":142,"column":50},"end":{"line":142,"column":75}},{"start":{"line":142,"column":79},"end":{"line":142,"column":109}}]},"55":{"loc":{"start":{"line":143,"column":26},"end":{"line":143,"column":49}},"type":"binary-expr","locations":[{"start":{"line":143,"column":26},"end":{"line":143,"column":32}},{"start":{"line":143,"column":36},"end":{"line":143,"column":49}}]},"56":{"loc":{"start":{"line":147,"column":14},"end":{"line":149,"column":15}},"type":"if","locations":[{"start":{"line":147,"column":14},"end":{"line":149,"column":15}}]},"57":{"loc":{"start":{"line":147,"column":18},"end":{"line":147,"column":51}},"type":"binary-expr","locations":[{"start":{"line":147,"column":18},"end":{"line":147,"column":29}},{"start":{"line":147,"column":33},"end":{"line":147,"column":51}}]},"58":{"loc":{"start":{"line":151,"column":12},"end":{"line":155,"column":13}},"type":"if","locations":[{"start":{"line":151,"column":12},"end":{"line":155,"column":13}}]},"59":{"loc":{"start":{"line":151,"column":16},"end":{"line":151,"column":36}},"type":"binary-expr","locations":[{"start":{"line":151,"column":16},"end":{"line":151,"column":25}},{"start":{"line":151,"column":29},"end":{"line":151,"column":36}}]},"60":{"loc":{"start":{"line":152,"column":33},"end":{"line":152,"column":119}},"type":"cond-expr","locations":[{"start":{"line":152,"column":45},"end":{"line":152,"column":95}},{"start":{"line":152,"column":98},"end":{"line":152,"column":119}}]},"61":{"loc":{"start":{"line":153,"column":41},"end":{"line":153,"column":57}},"type":"binary-expr","locations":[{"start":{"line":153,"column":41},"end":{"line":153,"column":49}},{"start":{"line":153,"column":53},"end":{"line":153,"column":57}}]},"62":{"loc":{"start":{"line":164,"column":21},"end":{"line":164,"column":41}},"type":"binary-expr","locations":[{"start":{"line":164,"column":21},"end":{"line":164,"column":29}},{"start":{"line":164,"column":33},"end":{"line":164,"column":41}}]},"63":{"loc":{"start":{"line":165,"column":17},"end":{"line":165,"column":34}},"type":"binary-expr","locations":[{"start":{"line":165,"column":17},"end":{"line":165,"column":21}},{"start":{"line":165,"column":25},"end":{"line":165,"column":34}}]},"64":{"loc":{"start":{"line":166,"column":43},"end":{"line":166,"column":58}},"type":"binary-expr","locations":[{"start":{"line":166,"column":43},"end":{"line":166,"column":52}},{"start":{"line":166,"column":56},"end":{"line":166,"column":58}}]},"65":{"loc":{"start":{"line":168,"column":8},"end":{"line":168,"column":36}},"type":"if","locations":[{"start":{"line":168,"column":8},"end":{"line":168,"column":36}}]},"66":{"loc":{"start":{"line":168,"column":12},"end":{"line":168,"column":25}},"type":"binary-expr","locations":[{"start":{"line":168,"column":12},"end":{"line":168,"column":15}},{"start":{"line":168,"column":19},"end":{"line":168,"column":25}}]},"67":{"loc":{"start":{"line":169,"column":8},"end":{"line":169,"column":64}},"type":"if","locations":[{"start":{"line":169,"column":8},"end":{"line":169,"column":64}}]},"68":{"loc":{"start":{"line":171,"column":8},"end":{"line":171,"column":28}},"type":"if","locations":[{"start":{"line":171,"column":8},"end":{"line":171,"column":28}}]},"69":{"loc":{"start":{"line":177,"column":10},"end":{"line":185,"column":11}},"type":"if","locations":[{"start":{"line":177,"column":10},"end":{"line":185,"column":11}}]},"70":{"loc":{"start":{"line":177,"column":14},"end":{"line":177,"column":39}},"type":"binary-expr","locations":[{"start":{"line":177,"column":14},"end":{"line":177,"column":19}},{"start":{"line":177,"column":23},"end":{"line":177,"column":39}}]},"71":{"loc":{"start":{"line":179,"column":12},"end":{"line":183,"column":13}},"type":"if","locations":[{"start":{"line":179,"column":12},"end":{"line":183,"column":13}},{"start":{"line":180,"column":17},"end":{"line":183,"column":13}}]},"72":{"loc":{"start":{"line":181,"column":45},"end":{"line":181,"column":104}},"type":"binary-expr","locations":[{"start":{"line":181,"column":45},"end":{"line":181,"column":70}},{"start":{"line":181,"column":74},"end":{"line":181,"column":104}}]},"73":{"loc":{"start":{"line":182,"column":26},"end":{"line":182,"column":44}},"type":"binary-expr","locations":[{"start":{"line":182,"column":26},"end":{"line":182,"column":32}},{"start":{"line":182,"column":36},"end":{"line":182,"column":44}}]},"74":{"loc":{"start":{"line":187,"column":8},"end":{"line":193,"column":9}},"type":"if","locations":[{"start":{"line":187,"column":8},"end":{"line":193,"column":9}}]},"75":{"loc":{"start":{"line":187,"column":12},"end":{"line":187,"column":38}},"type":"binary-expr","locations":[{"start":{"line":187,"column":12},"end":{"line":187,"column":21}},{"start":{"line":187,"column":25},"end":{"line":187,"column":38}}]},"76":{"loc":{"start":{"line":189,"column":10},"end":{"line":192,"column":11}},"type":"if","locations":[{"start":{"line":189,"column":10},"end":{"line":192,"column":11}}]},"77":{"loc":{"start":{"line":197,"column":4},"end":{"line":202,"column":5}},"type":"if","locations":[{"start":{"line":197,"column":4},"end":{"line":202,"column":5}}]},"78":{"loc":{"start":{"line":207,"column":4},"end":{"line":208,"column":51}},"type":"if","locations":[{"start":{"line":207,"column":4},"end":
[...]
"line":89,"column":8},"end":{"line":89,"column":45}}]},"17":{"loc":{"start":{"line":89,"column":12},"end":{"line":89,"column":33}},"type":"binary-expr","locations":[{"start":{"line":89,"column":12},"end":{"line":89,"column":21}},{"start":{"line":89,"column":25},"end":{"line":89,"column":33}}]},"18":{"loc":{"start":{"line":98,"column":37},"end":{"line":98,"column":52}},"type":"binary-expr","locations":[{"start":{"line":98,"column":37},"end":{"line":98,"column":46}},{"start":{"line":98,"column":50},"end":{"line":98,"column":52}}]},"19":{"loc":{"start":{"line":107,"column":12},"end":{"line":107,"column":56}},"type":"if","locations":[{"start":{"line":107,"column":12},"end":{"line":107,"column":56}}]},"20":{"loc":{"start":{"line":108,"column":12},"end":{"line":108,"column":53}},"type":"if","locations":[{"start":{"line":108,"column":12},"end":{"line":108,"column":53}}]},"21":{"loc":{"start":{"line":109,"column":12},"end":{"line":109,"column":82}},"type":"if","locations":[{"start":{"line":109,"column":12},"end":{"line":109,"column":82}}]},"22":{"loc":{"start":{"line":113,"column":12},"end":{"line":113,"column":45}},"type":"if","locations":[{"start":{"line":113,"column":12},"end":{"line":113,"column":45}}]},"23":{"loc":{"start":{"line":114,"column":12},"end":{"line":114,"column":49}},"type":"if","locations":[{"start":{"line":114,"column":12},"end":{"line":114,"column":49}}]},"24":{"loc":{"start":{"line":116,"column":12},"end":{"line":122,"column":13}},"type":"if","locations":[{"start":{"line":116,"column":12},"end":{"line":122,"column":13}}]},"25":{"loc":{"start":{"line":118,"column":16},"end":{"line":120,"column":17}},"type":"if","locations":[{"start":{"line":118,"column":16},"end":{"line":120,"column":17}}]},"26":{"loc":{"start":{"line":118,"column":20},"end":{"line":118,"column":90}},"type":"binary-expr","locations":[{"start":{"line":118,"column":20},"end":{"line":118,"column":47}},{"start":{"line":118,"column":51},"end":{"line":118,"column":90}}]},"27":{"loc":{"start":{"line":124,"column":12},"end":{"line":126,"column":13}},"type":"if","locations":[{"start":{"line":124,"column":12},"end":{"line":126,"column":13}}]},"28":{"loc":{"start":{"line":128,"column":12},"end":{"line":128,"column":43}},"type":"if","locations":[{"start":{"line":128,"column":12},"end":{"line":128,"column":43}}]},"29":{"loc":{"start":{"line":132,"column":8},"end":{"line":134,"column":9}},"type":"if","locations":[{"start":{"line":132,"column":8},"end":{"line":134,"column":9}}]},"30":{"loc":{"start":{"line":147,"column":4},"end":{"line":147,"column":40}},"type":"if","locations":[{"start":{"line":147,"column":4},"end":{"line":147,"column":40}}]},"31":{"loc":{"start":{"line":147,"column":8},"end":{"line":147,"column":28}},"type":"binary-expr","locations":[{"start":{"line":147,"column":8},"end":{"line":147,"column":12}},{"start":{"line":147,"column":16},"end":{"line":147,"column":28}}]},"32":{"loc":{"start":{"line":156,"column":43},"end":{"line":156,"column":58}},"type":"binary-expr","locations":[{"start":{"line":156,"column":43},"end":{"line":156,"column":52}},{"start":{"line":156,"column":56},"end":{"line":156,"column":58}}]},"33":{"loc":{"start":{"line":158,"column":19},"end":{"line":158,"column":41}},"type":"binary-expr","locations":[{"start":{"line":158,"column":19},"end":{"line":158,"column":25}},{"start":{"line":158,"column":29},"end":{"line":158,"column":41}}]},"34":{"loc":{"start":{"line":166,"column":8},"end":{"line":168,"column":9}},"type":"if","locations":[{"start":{"line":166,"column":8},"end":{"line":168,"column":9}}]},"35":{"loc":{"start":{"line":172,"column":37},"end":{"line":172,"column":52}},"type":"binary-expr","locations":[{"start":{"line":172,"column":37},"end":{"line":172,"column":46}},{"start":{"line":172,"column":50},"end":{"line":172,"column":52}}]},"36":{"loc":{"start":{"line":175,"column":29},"end":{"line":175,"column":43}},"type":"binary-expr","locations":[{"start":{"line":175,"column":29},"end":{"line":175,"column":37}},{"start":{"line":175,"column":41},"end":{"line":175,"column":43}}]},"37":{"loc":{"start":{"line":180,"column":12},"end":{"line":190,"column":13}},"type":"if","locations":[{"start":{"line":180,"column":12},"end":{"line":190,"column":13}},{"start":{"line":182,"column":19},"end":{"line":190,"column":13}}]},"38":{"loc":{"start":{"line":182,"column":19},"end":{"line":190,"column":13}},"type":"if","locations":[{"start":{"line":182,"column":19},"end":{"line":190,"column":13}},{"start":{"line":184,"column":19},"end":{"line":190,"column":13}}]},"39":{"loc":{"start":{"line":184,"column":19},"end":{"line":190,"column":13}},"type":"if","locations":[{"start":{"line":184,"column":19},"end":{"line":190,"column":13}},{"start":{"line":186,"column":19},"end":{"line":190,"column":13}}]},"40":{"loc":{"start":{"line":184,"column":23},"end":{"line":184,"column":79}},"type":"binary-expr","locations":[{"start":{"line":184,"column":23},"end":{"line":184,"column":49}},{"start":{"line":184,"column":53},"end":{"line":184,"column":79}}]},"41":{"loc":{"start":{"line":186,"column":19},"end":{"line":190,"column":13}},"type":"if","locations":[{"start":{"line":186,"column":19},"end":{"line":190,"column":13}},{"start":{"line":188,"column":19},"end":{"line":190,"column":13}}]},"42":{"loc":{"start":{"line":188,"column":19},"end":{"line":190,"column":13}},"type":"if","locations":[{"start":{"line":188,"column":19},"end":{"line":190,"column":13}}]},"43":{"loc":{"start":{"line":188,"column":23},"end":{"line":188,"column":114}},"type":"binary-expr","locations":[{"start":{"line":188,"column":23},"end":{"line":188,"column":51}},{"start":{"line":188,"column":55},"end":{"line":188,"column":82}},{"start":{"line":188,"column":86},"end":{"line":188,"column":114}}]},"44":{"loc":{"start":{"line":195,"column":12},"end":{"line":200,"column":13}},"type":"if","locations":[{"start":{"line":195,"column":12},"end":{"line":200,"column":13}},{"start":{"line":197,"column":19},"end":{"line":200,"column":13}}]},"45":{"loc":{"start":{"line":198,"column":30},"end":{"line":198,"column":77}},"type":"cond-expr","locations":[{"start":{"line":198,"column":56},"end":{"line":198,"column":64}},{"start":{"line":198,"column":67},"end":{"line":198,"column":77}}]}},"s":{"0":1,"1":1,"2":10,"3":10,"4":0,"5":10,"6":0,"7":10,"8":10,"9":1,"10":1,"11":1,"12":1,"13":1,"14":0,"15":1,"16":0,"17":1,"18":10,"19":11,"20":11,"21":11,"22":11,"23":11,"24":11,"25":25,"26":25,"27":25,"28":9,"29":25,"30":7,"31":25,"32":7,"33":25,"34":7,"35":25,"36":0,"37":25,"38":11,"39":11,"40":11,"41":10,"42":10,"43":0,"44":10,"45":10,"46":1,"47":1,"48":1,"49":1,"50":1,"51":0,"52":1,"53":0,"54":1,"55":10,"56":11,"57":11,"58":11,"59":11,"60":11,"61":11,"62":11,"63":25,"64":25,"65":25,"66":7,"67":25,"68":0,"69":25,"70":0,"71":25,"72":25,"73":7,"74":25,"75":7,"76":25,"77":7,"78":7,"79":7,"80":7,"81":25,"82":0,"83":25,"84":9,"85":25,"86":11,"87":9,"88":11,"89":11,"90":11,"91":10,"92":10,"93":0,"94":10,"95":10,"96":10,"97":11,"98":11,"99":11,"100":25,"101":25,"102":11,"103":11,"104":11,"105":11,"106":11,"107":9,"108":16,"109":11,"110":11,"111":11,"112":25,"113":25,"114":25,"115":25,"116":1,"117":24,"118":10,"119":14,"120":7,"121":7,"122":0,"123":7,"124":0,"125":25,"126":25,"127":25,"128":16,"129":9,"130":9,"131":25,"132":11,"133":11,"134":11,"135":11,"136":11,"137":10},"f":{"0":10,"1":0,"2":10,"3":1,"4":10,"5":1,"6":10,"7":25,"8":16},"b":{"0":[0],"1":[10,10],"2":[0],"3":[1,0],"4":[0],"5":[1,1],"6":[11,0],"7":[9],"8":[7],"9":[7],"10":[7],"11":[0],"12":[0],"13":[10,10],"14":[0],"15":[1,0],"16":[0],"17":[1,1],"18":[11,0],"19":[7],"20":[0],"21":[0],"22":[7],"23":[7],"24":[7],"25":[7],"26":[7,7],"27":[0],"28":[9],"29":[9],"30":[0],"31":[10,10],"32":[11,0],"33":[25,16],"34":[9],"35":[11,0],"36":[25,0],"37":[1,24],"38":[10,14],"39":[7,7],"40":[14,14],"41":[0,7],"42":[0],"43":[7,7,7],"44":[16,9],"45":[0,9]}}
,"/home/batman/Desktop/antigravity/GLS/backend/src/validator.ts": {"path":"/home/batman/Desktop/antigravity/GLS/backend/src/validator.ts","statementMap":{"0":{"start":{"line":19,"column":0},"end":{"line":19,"column":16}},"1":{"start":{"line":20,"column":27},"end":{"line":20,"column":29}},"2":{"start":{"line":21,"column":29},"end":{"line":21,"column":31}},"3":{"start":{"line":24,"column":20},"end":{"line":24,"column":59}},"4":{"start":{"line":25,"column":21},"end":{"line":25,"column":51}},"5":{"start":{"line":29,"column":4},"end":{"line":29,"column":58}},"6":{"start":{"line":29,"column":46},"end":{"line":29,"column":58}},"7":{"start":{"line":30,"column":16},"end":{"line":30,"column":48}},"8":{"start":{"line":31,"column":4},"end":{"line":31,"column":49}},"9":{"start":{"line":35,"column":53},"end":{"line":35,"column":55}},"10":{"start":{"line":36,"column":2},"end":{"line":36,"column":71}},"11":{"start":{"line":36,"column":32},"end":{"line":36,"column":71}},"12":{"start":{"line":39,"column":2},"end":{"line":81,"column":3}},"13":{"start":{"line":41,"column":17},"end":{"line":41,"column":29}},"14":{"start":{"line":42,"column":4},"end":{"line":46,"column":5}},"15":{"start":{"line":43,"column":6},"end":{"line":45,"column":7}},"16":{"start":{"line":44,"column":8},"end":{"line":44,"column":108}},"17":{"start":{"line":49,"column":14},"end":{"line":49,"column":28}},"18":{"start":{"line":50,"column":15},"end":{"line":50,"column":31}},"19":{"start":{"line":51,"column":4},"end":{"line":55,"column":5}},"20":{"start":{"line":53,"column":6},"end":{"line":53,"column":134}},"21":{"start":{"line":54,"column":6},"end":{"line":54,"column":15}},"22":{"start":{"line":58,"column":16},"end":{"line":58,"column":31}},"23":{"start":{"line":59,"column":4},"end":{"line":80,"column":5}},"24":{"start":{"line":61,"column":6},"end":{"line":63,"column":7}},"25":{"start":{"line":62,"column":8},"end":{"line":62,"column":41}},"26":{"start":{"line":64,"column":6},"end":{"line":64,"column":132}},"27":{"start":{"line":65,"column":11},"end":{"line":80,"column":5}},"28":{"start":{"line":66,"column":6},"end":{"line":66,"column":120}},"29":{"start":{"line":70,"column":19},"end":{"line":70,"column":63}},"30":{"start":{"line":71,"column":6},"end":{"line":79,"column":7}},"31":{"start":{"line":72,"column":8},"end":{"line":72,"column":33}},"32":{"start":{"line":74,"column":20},"end":{"line":74,"column":35}},"33":{"start":{"line":75,"column":8},"end":{"line":75,"column":27}},"34":{"start":{"line":75,"column":18},"end":{"line":75,"column":27}},"35":{"start":{"line":76,"column":8},"end":{"line":78,"column":9}},"36":{"start":{"line":77,"column":10},"end":{"line":77,"column":113}},"37":{"start":{"line":84,"column":2},"end":{"line":98,"column":3}},"38":{"start":{"line":85,"column":16},"end":{"line":85,"column":32}},"39":{"start":{"line":86,"column":4},"end":{"line":86,"column":39}},"40":{"start":{"line":86,"column":30},"end":{"line":86,"column":39}},"41":{"start":{"line":87,"column":4},"end":{"line":97,"column":5}},"42":{"start":{"line":88,"column":21},"end":{"line":88,"column":47}},"43":{"start":{"line":89,"column":24},"end":{"line":89,"column":48}},"44":{"start":{"line":90,"column":25},"end":{"line":90,"column":120}},"45":{"start":{"line":91,"column":19},"end":{"line":91,"column":37}},"46":{"start":{"line":92,"column":21},"end":{"line":92,"column":74}},"47":{"start":{"line":94,"column":6},"end":{"line":96,"column":7}},"48":{"start":{"line":95,"column":8},"end":{"line":95,"column":119}},"49":{"start":{"line":101,"column":22},"end":{"line":101,"column":39}},"50":{"start":{"line":102,"column":2},"end":{"line":104,"column":3}},"51":{"start":{"line":103,"column":4},"end":{"line":103,"column":70}},"52":{"start":{"line":103,"column":36},"end":{"line":103,"column":70}},"53":{"start":{"line":105,"column":2},"end":{"line":109,"column":3}},"54":{"start":{"line":106,"column":4},"end":{"line":108,"column":5}},"55":{"start":{"line":107,"column":6},"end":{"line":107,"column":86}},"56":{"start":{"line":111,"column":2},"end":{"line":111,"column":30}}},"fnMap":{"0":{"name":"referentialValidate","decl":{"start":{"line":19,"column":16},"end":{"line":19,"column":35}},"loc":{"start":{"line":19,"column":54},"end":{"line":112,"column":1}}},"1":{"name":"findTargetKey","decl":{"start":{"line":28,"column":11},"end":{"line":28,"column":24}},"loc":{"start":{"line":28,"column":31},"end":{"line":32,"column":3}}}},"branchMap":{"0":{"loc":{"start":{"line":24,"column":40},"end":{"line":24,"column":57}},"type":"binary-expr","locations":[{"start":{"line":24,"column":40},"end":{"line":24,"column":51}},{"start":{"line":24,"column":55},"end":{"line":24,"column":57}}]},"1":{"loc":{"start":{"line":25,"column":33},"end":{"line":25,"column":50}},"type":"binary-expr","locations":[{"start":{"line":25,"column":33},"end":{"line":25,"column":44}},{"start":{"line":25,"column":48},"end":{"line":25,"column":50}}]},"2":{"loc":{"start":{"line":29,"column":4},"end":{"line":29,"column":58}},"type":"if","locations":[{"start":{"line":29,"column":4},"end":{"line":29,"column":58}}]},"3":{"loc":{"start":{"line":29,"column":8},"end":{"line":29,"column":44}},"type":"binary-expr","locations":[{"start":{"line":29,"column":8},"end":{"line":29,"column":10}},{"start":{"line":29,"column":14},"end":{"line":29,"column":19}},{"start":{"line":29,"column":23},"end":{"line":29,"column":32}},{"start":{"line":29,"column":36},"end":{"line":29,"column":44}}]},"4":{"loc":{"start":{"line":31,"column":11},"end":{"line":31,"column":48}},"type":"cond-expr","locations":[{"start":{"line":31,"column":38},"end":{"line":31,"column":41}},{"start":{"line":31,"column":44},"end":{"line":31,"column":48}}]},"5":{"loc":{"start":{"line":39,"column":18},"end":{"line":39,"column":36}},"type":"binary-expr","locations":[{"start":{"line":39,"column":18},"end":{"line":39,"column":30}},{"start":{"line":39,"column":34},"end":{"line":39,"column":36}}]},"6":{"loc":{"start":{"line":41,"column":17},"end":{"line":41,"column":29}},"type":"binary-expr","locations":[{"start":{"line":41,"column":17},"end":{"line":41,"column":23}},{"start":{"line":41,"column":27},"end":{"line":41,"column":29}}]},"7":{"loc":{"start":{"line":42,"column":4},"end":{"line":46,"column":5}},"type":"if","locations":[{"start":{"line":42,"column":4},"end":{"line":46,"column":5}}]},"8":{"loc":{"start":{"line":43,"column":6},"end":{"line":45,"column":7}},"type":"if","locations":[{"start":{"line":43,"column":6},"end":{"line":45,"column":7}}]},"9":{"loc":{"start":{"line":49,"column":14},"end":{"line":49,"column":28}},"type":"binary-expr","locations":[{"start":{"line":49,"column":14},"end":{"line":49,"column":22}},{"start":{"line":49,"column":26},"end":{"line":49,"column":28}}]},"10":{"loc":{"start":{"line":51,"column":4},"end":{"line":55,"column":5}},"type":"if","locations":[{"start":{"line":51,"column":4},"end":{"line":55,"column":5}}]},"11":{"loc":{"start":{"line":58,"column":16},"end":{"line":58,"column":31}},"type":"binary-expr","locations":[{"start":{"line":58,"column":16},"end":{"line":58,"column":24}},{"start":{"line":58,"column":28},"end":{"line":58,"column":31}}]},"12":{"loc":{"start":{"line":59,"column":4},"end":{"line":80,"column":5}},"type":"if","locations":[{"start":{"line":59,"column":4},"end":{"line":80,"column":5}},{"start":{"line":65,"column":11},"end":{"line":80,"column":5}}]},"13":{"loc":{"start":{"line":59,"column":8},"end":{"line":59,"column":34}},"type":"binary-expr","locations":[{"start":{"line":59,"column":8},"end":{"line":59,"column":19}},{"start":{"line":59,"column":23},"end":{"line":59,"column":34}}]},"14":{"loc":{"start":{"line":61,"column":42},"end":{"line":61,"column":59}},"type":"binary-expr","locations":[{"start":{"line":61,"column":42},"end":{"line":61,"column":53}},{"start":{"line":61,"column":57},"end":{"line":61,"column":59}}]},"15":{"loc":{"start":{"line":65,"column":11},"end":{"line":80,"column":5}},"type":"if","locations":[{"start":{"line":65,"column":11},"end":{"line":80,"column":5}},{"start":{"line":67,"column":11},"end":{"line":80,"column":5}}]},"16":{"loc":{"start":{"line":75,"column":8},"end":{"line":75,"column":27}},"type":"if","locations":[{"start":{"line":75,"column":8},"end":{"line":75,"column":27}}]},"17":{"loc":{"start":{"line":76,"column":8},"end":{"line":78,"column":9}},"type":"if","locations":[{"start":{"line":76,"column":8},"end":{"line":78,"column":9}}]},"18":{"loc":{"start":{"line":76,"column":12},"end":{"line":76,"column":43}},"type":"binary-expr","locations":[{"start":{"line":76,"column":12},"end":{"line":76,"column":24}},{"start":{"line":76,"column":28},"end":{"line":76,"column":43}}]},"19":{"loc":{"start":{"line":86,"column":4},"end":{"line":86,"column":39}},"type":"if","locations":[{"start":{"line":86,"column":4},"end":{"line":86,"column":39}}]},"20":{"loc":{"start":{"line":86,"column":8},"end":{"line":86,"column":28}},"type":"binary-expr","locations":[{"start":{"line":86,"column":8},"end":{"line":86,"column":12}},{"start":{"line":86,"column":16},"end":{"line":86,"column":28}}]},"21":{"loc":{"start":{"line":88,"column":21},"end":{"line":88,"column":47}},"type":"binary-expr","locations":[{"start":{"line":88,"column":21},"end":{"line":88,"column":41}},{"start":{"line":88,"column":45},"end":{"line":88,"column":47}}]},"22":{"loc":{"start":{"line":90,"column":25},"end":{"line":90,"column":120}},"type":"binary-expr","locations":[{"start":{"line":90,"column":25},"end":{"line":90,"column":53}},{"start":{"line":90,"column":57},"end":{"line":90,"column":80}},{"start":{"line":90,"column":84},"end":{"line":90,"column":120}}]},"23":{"loc":{"start":{"line":92,"column":21},"end":{"line":92,"column":74}},"type":"binary-expr","locations":[{"start":{"line":92,"column":21},"end":{"line":92,"column":39}},{"start":{"line":92,"column":43},"end":{"line":92,"column":74}}]},"24":{"loc":{"start":{"line":94,"column":6},"end":{"line":96,"column":7}},"type":"if","locations":[{"start":{"line":94,"column":6},"end":{"line":96,"column":7}}]},"25":{"loc":{"start":{"line":94,"column":10},"end":{"line":94,"column":54}},"type":"binary-expr","locations":[{"start":{"line":94,"column":10},"end":{"line":94,"column":19}},{"start":{"line":94,"column":23},"end":{"line":94,"column":28}},{"start":{"line":94,"column":32},"end":{"line":94,"column":43}},{"start":{"line":94,"column":47},"end":{"line":94,"column":54}}]},"26":{"loc":{"start":{"line":102,"column":18},"end":{"line":102,"column":36}},"type":"binary-expr","locations":[{"start":{"line":102,"column":18},"end":{"line":102,"column":30}},{"start":{"line":102,"column":34},"end":{"line":102,"column":36}}]},"27":{"loc":{"start":{"line":103,"column":4},"end":{"line":103,"column":70}},"type":"if","locations":[{"start":{"line":103,"column":4},"end":{"line":103,"column":70}}]},"28":{"loc":{"start":{"line":103,"column":8},"end":{"line":103,"column":34}},"type":"binary-expr","locations":[{"start":{"line":103,"column":8},"end":{"line":103,"column":14}},{"start":{"line":103,"column":18},"end":{"line":103,"column":34}}]},"29":{"loc":{"start":{"line":105,"column":32},"end":{"line":105,"column":49}},"type":"binary-expr","locations":[{"start":{"line":105,"column":32},"end":{"line":105,"column":43}},{"start":{"line":105,"column":47},"end":{"line":105,"column":49}}]},"30":{"loc":{"start":{"line":106,"column":4},"end":{"line":108,"column":5}},"type":"if","locations":[{"start":{"line":106,"column":4},"end":{"line":108,"column":5}}]}},"s":{"0":1,"1":9,"2":9,"3":9,"4":9,"5":7,"6":0,"7":7,"8":7,"9":9,"10":9,"11":7,"12":9,"13":7,"14":7,"15":6,"16":1,"17":7,"18":7,"19":7,"20":1,"21":1,"22":6,"23":6,"24":0,"25":0,"26":0,"27":6,"28":1,"29":5,"30":5,"31":5,"32":5,"33":5,"34":0,"35":5,"36":1,"37":9,"38":7,"39":7,"40":0,"41":7,"42":11,"43":11,"44":11,"45":11,"46":11,"47":11,"48":1,"49":9,"50":9,"51":7,"52":6,"53":9,"54":7,"55":2,"56":9},"f":{"0":9,"1":7},"b":{"0":[9,0],"1":[9,0],"2":[0],"3":[7,7,7,7],"4":[6,1],"5":[9,0],"6":[7,0],"7":[6],"8":[1],"9":[7,0],"10":[1],"11":[6,0],"12":[0,6],"13":[6,1],"14":[0,0],"15":[1,5],"16":[0],"17":[1],"18":[5,5],"19":[0],"20":[7,7],"21":[11,0],"22":[11,2,2],"23":[11,11],"24":[1],"25":[11,3,3,2],"26":[9,0],"27":[6],"28":[7,7],"29":[9,0],"30":[2]}}
}
