TN:
SF:src/auth.ts
FN:21,generateToken
FN:29,verifyToken
FN:40,hashPassword
FN:47,comparePassword
FN:54,authMiddleware
FNF:5
FNH:0
FNDA:0,generateToken
FNDA:0,verifyToken
FNDA:0,hashPassword
FNDA:0,comparePassword
FNDA:0,authMiddleware
DA:1,0
DA:2,0
DA:5,0
DA:6,0
DA:7,0
DA:21,0
DA:22,0
DA:23,0
DA:29,0
DA:30,0
DA:31,0
DA:33,0
DA:40,0
DA:41,0
DA:47,0
DA:48,0
DA:54,0
DA:55,0
DA:56,0
DA:58,0
DA:59,0
DA:62,0
DA:63,0
DA:65,0
DA:66,0
DA:68,0
LF:26
LH:0
BRDA:5,0,0,0
BRDA:5,0,1,0
BRDA:58,1,0,0
BRDA:58,2,0,0
BRDA:58,2,1,0
BRDA:68,3,0,0
BRDA:68,3,1,0
BRF:7
BRH:0
end_of_record
TN:
SF:src/cli.ts
FN:14,parseArgs
FN:48,usage
FN:60,safeLoadYamlObject
FN:64,(anonymous_4)
FN:81,cmdValidate
FN:166,cmdGenerate
FN:218,(anonymous_7)
FN:278,(anonymous_8)
FN:305,main
FNF:9
FNH:0
FNDA:0,parseArgs
FNDA:0,usage
FNDA:0,safeLoadYamlObject
FNDA:0,(anonymous_4)
FNDA:0,cmdValidate
FNDA:0,cmdGenerate
FNDA:0,(anonymous_7)
FNDA:0,(anonymous_8)
FNDA:0,main
DA:2,0
DA:3,0
DA:4,0
DA:5,0
DA:7,0
DA:8,0
DA:9,0
DA:15,0
DA:16,0
DA:17,0
DA:18,0
DA:19,0
DA:20,0
DA:21,0
DA:22,0
DA:23,0
DA:24,0
DA:25,0
DA:27,0
DA:28,0
DA:30,0
DA:31,0
DA:32,0
DA:33,0
DA:34,0
DA:35,0
DA:37,0
DA:38,0
DA:41,0
DA:42,0
DA:45,0
DA:49,0
DA:61,0
DA:62,0
DA:64,0
DA:65,0
DA:66,0
DA:68,0
DA:70,0
DA:71,0
DA:75,0
DA:82,0
DA:83,0
DA:84,0
DA:85,0
DA:88,0
DA:90,0
DA:91,0
DA:92,0
DA:95,0
DA:97,0
DA:98,0
DA:101,0
DA:104,0
DA:105,0
DA:106,0
DA:108,0
DA:109,0
DA:111,0
DA:112,0
DA:113,0
DA:115,0
DA:116,0
DA:117,0
DA:119,0
DA:120,0
DA:121,0
DA:124,0
DA:125,0
DA:126,0
DA:130,0
DA:131,0
DA:132,0
DA:134,0
DA:139,0
DA:140,0
DA:142,0
DA:143,0
DA:144,0
DA:145,0
DA:146,0
DA:147,0
DA:148,0
DA:149,0
DA:151,0
DA:154,0
DA:155,0
DA:159,0
DA:160,0
DA:167,0
DA:168,0
DA:169,0
DA:170,0
DA:172,0
DA:174,0
DA:175,0
DA:176,0
DA:177,0
DA:181,0
DA:182,0
DA:183,0
DA:185,0
DA:188,0
DA:189,0
DA:190,0
DA:191,0
DA:192,0
DA:194,0
DA:195,0
DA:197,0
DA:198,0
DA:199,0
DA:201,0
DA:202,0
DA:205,0
DA:206,0
DA:209,0
DA:210,0
DA:211,0
DA:214,0
DA:215,0
DA:216,0
DA:217,0
DA:218,0
DA:219,0
DA:220,0
DA:222,0
DA:223,0
DA:224,0
DA:225,0
DA:227,0
DA:232,0
DA:239,0
DA:240,0
DA:241,0
DA:242,0
DA:243,0
DA:246,0
DA:247,0
DA:248,0
DA:250,0
DA:251,0
DA:252,0
DA:253,0
DA:254,0
DA:255,0
DA:259,0
DA:260,0
DA:261,0
DA:262,0
DA:263,0
DA:264,0
DA:265,0
DA:268,0
DA:269,0
DA:270,0
DA:272,0
DA:276,0
DA:277,0
DA:278,0
DA:280,0
DA:284,0
DA:285,0
DA:286,0
DA:287,0
DA:288,0
DA:290,0
DA:294,0
DA:295,0
DA:296,0
DA:297,0
DA:301,0
DA:302,0
DA:306,0
DA:307,0
DA:308,0
DA:309,0
DA:310,0
DA:312,0
DA:313,0
DA:314,0
DA:317,0
DA:318,0
DA:319,0
DA:320,0
DA:322,0
DA:323,0
DA:324,0
DA:327,0
DA:328,0
DA:332,0
LF:191
LH:0
BRDA:20,0,0,0
BRDA:20,0,1,0
BRDA:23,1,0,0
BRDA:23,1,1,0
BRDA:23,2,0,0
BRDA:23,2,1,0
BRDA:30,3,0,0
BRDA:30,3,1,0
BRDA:33,4,0,0
BRDA:33,4,1,0
BRDA:33,5,0,0
BRDA:33,5,1,0
BRDA:60,6,0,0
BRDA:62,7,0,0
BRDA:64,8,0,0
BRDA:64,8,1,0
BRDA:65,9,0,0
BRDA:70,10,0,0
BRDA:70,11,0,0
BRDA:70,11,1,0
BRDA:72,12,0,0
BRDA:72,12,1,0
BRDA:82,13,0,0
BRDA:90,14,0,0
BRDA:90,15,0,0
BRDA:90,15,1,0
BRDA:104,16,0,0
BRDA:104,16,1,0
BRDA:104,17,0,0
BRDA:104,17,1,0
BRDA:104,17,2,0
BRDA:106,18,0,0
BRDA:106,18,1,0
BRDA:106,19,0,0
BRDA:106,19,1,0
BRDA:115,20,0,0
BRDA:115,20,1,0
BRDA:115,21,0,0
BRDA:115,21,1,0
BRDA:124,22,0,0
BRDA:124,22,1,0
BRDA:132,23,0,0
BRDA:132,23,1,0
BRDA:135,24,0,0
BRDA:135,24,1,0
BRDA:136,25,0,0
BRDA:136,25,1,0
BRDA:137,26,0,0
BRDA:137,26,1,0
BRDA:142,27,0,0
BRDA:142,27,1,0
BRDA:142,27,2,0
BRDA:143,28,0,0
BRDA:143,28,1,0
BRDA:147,29,0,0
BRDA:147,30,0,0
BRDA:147,30,1,0
BRDA:148,31,0,0
BRDA:148,32,0,0
BRDA:148,32,1,0
BRDA:149,33,0,0
BRDA:149,34,0,0
BRDA:149,34,1,0
BRDA:155,35,0,0
BRDA:155,35,1,0
BRDA:159,36,0,0
BRDA:167,37,0,0
BRDA:172,38,0,0
BRDA:172,38,1,0
BRDA:175,39,0,0
BRDA:175,40,0,0
BRDA:175,40,1,0
BRDA:188,41,0,0
BRDA:188,41,1,0
BRDA:188,42,0,0
BRDA:188,42,1,0
BRDA:188,42,2,0
BRDA:190,43,0,0
BRDA:190,43,1,0
BRDA:190,44,0,0
BRDA:190,44,1,0
BRDA:194,45,0,0
BRDA:194,45,1,0
BRDA:197,46,0,0
BRDA:197,46,1,0
BRDA:197,47,0,0
BRDA:197,47,1,0
BRDA:201,48,0,0
BRDA:201,48,1,0
BRDA:205,49,0,0
BRDA:205,49,1,0
BRDA:209,50,0,0
BRDA:209,50,1,0
BRDA:210,51,0,0
BRDA:210,51,1,0
BRDA:211,52,0,0
BRDA:211,52,1,0
BRDA:218,53,0,0
BRDA:218,53,1,0
BRDA:218,53,2,0
BRDA:219,54,0,0
BRDA:219,54,1,0
BRDA:220,55,0,0
BRDA:224,56,0,0
BRDA:224,56,1,0
BRDA:224,57,0,0
BRDA:224,57,1,0
BRDA:225,58,0,0
BRDA:225,59,0,0
BRDA:225,59,1,0
BRDA:239,60,0,0
BRDA:239,61,0,0
BRDA:239,61,1,0
BRDA:240,62,0,0
BRDA:241,63,0,0
BRDA:242,64,0,0
BRDA:243,65,0,0
BRDA:248,66,0,0
BRDA:248,66,1,0
BRDA:250,67,0,0
BRDA:250,68,0,0
BRDA:250,68,1,0
BRDA:250,68,2,0
BRDA:252,69,0,0
BRDA:252,70,0,0
BRDA:252,70,1,0
BRDA:253,71,0,0
BRDA:253,72,0,0
BRDA:253,72,1,0
BRDA:254,73,0,0
BRDA:254,74,0,0
BRDA:254,74,1,0
BRDA:296,75,0,0
BRDA:309,76,0,0
BRDA:309,76,1,0
BRDA:310,77,0,0
BRDA:310,77,1,0
BRDA:312,78,0,0
BRDA:317,79,0,0
BRDA:317,79,1,0
BRDA:319,80,0,0
BRDA:319,80,1,0
BRF:142
BRH:0
end_of_record
TN:
SF:src/db.ts
FN:21,initializeSchema
FNF:1
FNH:0
FNDA:0,initializeSchema
DA:1,0
DA:2,0
DA:3,0
DA:5,0
DA:6,0
DA:9,0
DA:10,0
DA:11,0
DA:15,0
DA:18,0
DA:22,0
DA:23,0
DA:24,0
DA:25,0
DA:27,0
DA:28,0
DA:33,0
DA:35,0
LF:18
LH:0
BRDA:10,0,0,0
BRF:1
BRH:0
end_of_record
TN:
SF:src/generator.ts
FN:7,ensureDir
FN:11,csvEscape
FN:20,sanitizeName
FN:24,sanitizeTypeForMermaid
FN:34,writeMappingCSV
FN:72,generateMermaidERD
FN:98,emitER
FN:142,(anonymous_8)
FN:181,(anonymous_9)
FN:234,generateLineageJSON
FN:257,(anonymous_11)
FN:268,(anonymous_12)
FN:282,(anonymous_13)
FN:296,(anonymous_14)
FN:309,(anonymous_15)
FNF:15
FNH:0
FNDA:0,ensureDir
FNDA:0,csvEscape
FNDA:0,sanitizeName
FNDA:0,sanitizeTypeForMermaid
FNDA:0,writeMappingCSV
FNDA:0,generateMermaidERD
FNDA:0,emitER
FNDA:0,(anonymous_8)
FNDA:0,(anonymous_9)
FNDA:0,generateLineageJSON
FNDA:0,(anonymous_11)
FNDA:0,(anonymous_12)
FNDA:0,(anonymous_13)
FNDA:0,(anonymous_14)
FNDA:0,(anonymous_15)
DA:2,0
DA:3,0
DA:8,0
DA:12,0
DA:13,0
DA:14,0
DA:15,0
DA:17,0
DA:21,0
DA:25,0
DA:26,0
DA:27,0
DA:28,0
DA:29,0
DA:30,0
DA:34,0
DA:35,0
DA:36,0
DA:38,0
DA:42,0
DA:44,0
DA:45,0
DA:46,0
DA:47,0
DA:48,0
DA:49,0
DA:50,0
DA:51,0
DA:52,0
DA:53,0
DA:54,0
DA:55,0
DA:58,0
DA:59,0
DA:64,0
DA:67,0
DA:68,0
DA:72,0
DA:73,0
DA:74,0
DA:76,0
DA:79,0
DA:80,0
DA:81,0
DA:82,0
DA:83,0
DA:84,0
DA:85,0
DA:89,0
DA:90,0
DA:91,0
DA:92,0
DA:93,0
DA:94,0
DA:99,0
DA:100,0
DA:103,0
DA:104,0
DA:105,0
DA:106,0
DA:107,0
DA:108,0
DA:109,0
DA:110,0
DA:111,0
DA:113,0
DA:114,0
DA:118,0
DA:119,0
DA:120,0
DA:121,0
DA:122,0
DA:123,0
DA:124,0
DA:125,0
DA:126,0
DA:127,0
DA:128,0
DA:129,0
DA:130,0
DA:131,0
DA:132,0
DA:135,0
DA:136,0
DA:137,0
DA:138,0
DA:139,0
DA:140,0
DA:141,0
DA:142,0
DA:143,0
DA:146,0
DA:147,0
DA:148,0
DA:151,0
DA:152,0
DA:153,0
DA:154,0
DA:162,0
DA:163,0
DA:164,0
DA:165,0
DA:166,0
DA:167,0
DA:168,0
DA:169,0
DA:170,0
DA:171,0
DA:172,0
DA:173,0
DA:174,0
DA:175,0
DA:176,0
DA:177,0
DA:178,0
DA:179,0
DA:181,0
DA:182,0
DA:184,0
DA:187,0
DA:188,0
DA:189,0
DA:190,0
DA:191,0
DA:197,0
DA:198,0
DA:199,0
DA:200,0
DA:201,0
DA:204,0
DA:205,0
DA:206,0
DA:207,0
DA:208,0
DA:212,0
DA:213,0
DA:214,0
DA:215,0
DA:216,0
DA:217,0
DA:218,0
DA:222,0
DA:223,0
DA:224,0
DA:226,0
DA:227,0
DA:230,0
DA:234,0
DA:235,0
DA:236,0
DA:237,0
DA:238,0
DA:240,0
DA:241,0
DA:242,0
DA:243,0
DA:246,0
DA:247,0
DA:248,0
DA:249,0
DA:250,0
DA:251,0
DA:252,0
DA:256,0
DA:257,0
DA:259,0
DA:260,0
DA:261,0
DA:262,0
DA:264,0
DA:265,0
DA:266,0
DA:267,0
DA:268,0
DA:269,0
DA:271,0
DA:272,0
DA:273,0
DA:274,0
DA:275,0
DA:277,0
DA:280,0
DA:281,0
DA:282,0
DA:283,0
DA:285,0
DA:286,0
DA:287,0
DA:288,0
DA:289,0
DA:290,0
DA:294,0
DA:295,0
DA:296,0
DA:297,0
DA:299,0
DA:300,0
DA:301,0
DA:302,0
DA:303,0
DA:304,0
DA:308,0
DA:309,0
DA:310,0
DA:312,0
DA:313,0
DA:314,0
DA:315,0
DA:316,0
DA:317,0
DA:321,0
DA:322,0
DA:323,0
DA:324,0
DA:325,0
DA:326,0
DA:329,0
DA:330,0
DA:331,0
LF:219
LH:0
BRDA:12,0,0,0
BRDA:12,1,0,0
BRDA:12,1,1,0
BRDA:14,2,0,0
BRDA:14,3,0,0
BRDA:14,3,1,0
BRDA:14,3,2,0
BRDA:21,4,0,0
BRDA:21,4,1,0
BRDA:25,5,0,0
BRDA:44,6,0,0
BRDA:44,6,1,0
BRDA:45,7,0,0
BRDA:45,7,1,0
BRDA:46,8,0,0
BRDA:46,8,1,0
BRDA:47,9,0,0
BRDA:47,9,1,0
BRDA:48,10,0,0
BRDA:48,10,1,0
BRDA:49,11,0,0
BRDA:49,11,1,0
BRDA:49,11,2,0
BRDA:51,12,0,0
BRDA:51,13,0,0
BRDA:51,13,1,0
BRDA:51,13,2,0
BRDA:51,13,3,0
BRDA:51,13,4,0
BRDA:54,14,0,0
BRDA:54,15,0,0
BRDA:54,15,1,0
BRDA:54,15,2,0
BRDA:55,16,0,0
BRDA:55,16,1,0
BRDA:58,17,0,0
BRDA:58,17,1,0
BRDA:61,18,0,0
BRDA:61,18,1,0
BRDA:61,19,0,0
BRDA:61,19,1,0
BRDA:61,20,0,0
BRDA:61,20,1,0
BRDA:62,21,0,0
BRDA:62,21,1,0
BRDA:62,22,0,0
BRDA:62,22,1,0
BRDA:62,23,0,0
BRDA:62,23,1,0
BRDA:73,24,0,0
BRDA:73,25,0,0
BRDA:73,25,1,0
BRDA:80,26,0,0
BRDA:80,26,1,0
BRDA:82,27,0,0
BRDA:82,27,1,0
BRDA:83,28,0,0
BRDA:84,29,0,0
BRDA:84,29,1,0
BRDA:90,30,0,0
BRDA:90,30,1,0
BRDA:93,31,0,0
BRDA:93,31,1,0
BRDA:98,32,0,0
BRDA:107,33,0,0
BRDA:107,33,1,0
BRDA:110,34,0,0
BRDA:110,34,1,0
BRDA:120,35,0,0
BRDA:120,35,1,0
BRDA:122,36,0,0
BRDA:122,37,0,0
BRDA:122,37,1,0
BRDA:123,38,0,0
BRDA:123,38,1,0
BRDA:123,39,0,0
BRDA:123,39,1,0
BRDA:124,40,0,0
BRDA:124,40,1,0
BRDA:124,40,2,0
BRDA:124,40,3,0
BRDA:125,41,0,0
BRDA:125,41,1,0
BRDA:125,41,2,0
BRDA:126,42,0,0
BRDA:126,43,0,0
BRDA:126,43,1,0
BRDA:127,44,0,0
BRDA:129,45,0,0
BRDA:131,46,0,0
BRDA:131,46,1,0
BRDA:132,47,0,0
BRDA:132,47,1,0
BRDA:135,48,0,0
BRDA:136,49,0,0
BRDA:136,49,1,0
BRDA:138,50,0,0
BRDA:138,50,1,0
BRDA:139,51,0,0
BRDA:139,51,1,0
BRDA:140,52,0,0
BRDA:140,52,1,0
BRDA:141,53,0,0
BRDA:141,53,1,0
BRDA:142,54,0,0
BRDA:142,54,1,0
BRDA:143,55,0,0
BRDA:143,55,1,0
BRDA:147,56,0,0
BRDA:147,57,0,0
BRDA:147,57,1,0
BRDA:151,58,0,0
BRDA:151,59,0,0
BRDA:151,59,1,0
BRDA:152,60,0,0
BRDA:152,60,1,0
BRDA:153,61,0,0
BRDA:153,61,1,0
BRDA:164,62,0,0
BRDA:164,62,1,0
BRDA:165,63,0,0
BRDA:165,63,1,0
BRDA:166,64,0,0
BRDA:166,64,1,0
BRDA:168,65,0,0
BRDA:168,66,0,0
BRDA:168,66,1,0
BRDA:169,67,0,0
BRDA:171,68,0,0
BRDA:177,69,0,0
BRDA:177,70,0,0
BRDA:177,70,1,0
BRDA:179,71,0,0
BRDA:179,71,1,0
BRDA:181,72,0,0
BRDA:181,72,1,0
BRDA:182,73,0,0
BRDA:182,73,1,0
BRDA:187,74,0,0
BRDA:187,75,0,0
BRDA:187,75,1,0
BRDA:189,76,0,0
BRDA:197,77,0,0
BRDA:207,78,0,0
BRDA:207,78,1,0
BRDA:215,79,0,0
BRDA:215,79,1,0
BRDA:226,80,0,0
BRDA:240,81,0,0
BRDA:240,81,1,0
BRDA:246,82,0,0
BRDA:246,82,1,0
BRDA:250,83,0,0
BRDA:250,83,1,0
BRDA:259,84,0,0
BRDA:259,84,1,0
BRDA:260,85,0,0
BRDA:260,85,1,0
BRDA:261,86,0,0
BRDA:261,86,1,0
BRDA:262,87,0,0
BRDA:262,87,1,0
BRDA:264,88,0,0
BRDA:264,89,0,0
BRDA:264,89,1,0
BRDA:264,89,2,0
BRDA:268,90,0,0
BRDA:272,91,0,0
BRDA:272,91,1,0
BRDA:272,92,0,0
BRDA:272,92,1,0
BRDA:272,93,0,0
BRDA:272,93,1,0
BRDA:274,94,0,0
BRDA:274,94,1,0
BRDA:280,95,0,0
BRDA:280,96,0,0
BRDA:280,96,1,0
BRDA:280,96,2,0
BRDA:282,97,0,0
BRDA:286,98,0,0
BRDA:286,98,1,0
BRDA:286,99,0,0
BRDA:286,99,1,0
BRDA:286,100,0,0
BRDA:286,100,1,0
BRDA:288,101,0,0
BRDA:288,101,1,0
BRDA:294,102,0,0
BRDA:294,103,0,0
BRDA:294,103,1,0
BRDA:294,103,2,0
BRDA:296,104,0,0
BRDA:302,105,0,0
BRDA:302,105,1,0
BRDA:308,106,0,0
BRDA:308,106,1,0
BRDA:308,107,0,0
BRDA:308,107,1,0
BRDA:309,108,0,0
BRDA:310,109,0,0
BRDA:310,109,1,0
BRDA:312,110,0,0
BRDA:314,111,0,0
BRDA:314,111,1,0
BRDA:316,112,0,0
BRDA:316,112,1,0
BRF:207
BRH:0
end_of_record
TN:
SF:src/parser.ts
FN:63,loadDbdocFiles
FN:75,(anonymous_2)
FN:98,walk
FN:130,validateStructure
FN:138,qualifyTarget
FN:148,normalize
FNF:6
FNH:3
FNDA:0,loadDbdocFiles
FNDA:0,(anonymous_2)
FNDA:0,walk
FNDA:4,validateStructure
FNDA:1,qualifyTarget
FNDA:5,normalize
DA:2,1
DA:3,1
DA:5,1
DA:6,1
DA:7,1
DA:8,1
DA:13,1
DA:15,1
DA:16,1
DA:17,1
DA:18,0
DA:20,1
DA:21,1
DA:22,0
DA:24,1
DA:25,1
DA:27,0
DA:30,0
DA:31,0
DA:33,0
DA:39,1
DA:40,1
DA:41,1
DA:63,1
DA:65,0
DA:68,0
DA:69,0
DA:72,0
DA:75,0
DA:76,0
DA:77,0
DA:81,0
DA:82,0
DA:83,0
DA:85,0
DA:87,0
DA:88,0
DA:90,0
DA:92,0
DA:96,0
DA:99,0
DA:100,0
DA:101,0
DA:102,0
DA:103,0
DA:104,0
DA:106,0
DA:107,0
DA:109,0
DA:112,0
DA:113,0
DA:115,0
DA:117,0
DA:122,0
DA:124,0
DA:130,1
DA:131,4
DA:132,4
DA:139,1
DA:148,1
DA:149,5
DA:152,5
DA:153,5
DA:154,2
DA:155,2
DA:159,5
DA:160,5
DA:161,1
DA:162,1
DA:163,1
DA:164,1
DA:165,1
DA:166,1
DA:167,1
DA:169,1
DA:181,5
DA:182,5
DA:183,2
DA:184,2
DA:185,2
DA:186,2
DA:191,2
DA:192,1
DA:193,1
DA:194,1
DA:197,0
DA:200,0
DA:203,2
DA:212,5
LF:89
LH:50
BRDA:17,0,0,0
BRDA:21,1,0,0
BRDA:21,2,0,1
BRDA:21,2,1,1
BRDA:31,3,0,0
BRDA:31,3,1,0
BRDA:63,4,0,0
BRDA:65,5,0,0
BRDA:65,5,1,0
BRDA:68,6,0,0
BRDA:77,7,0,0
BRDA:77,7,1,0
BRDA:77,7,2,0
BRDA:77,7,3,0
BRDA:81,8,0,0
BRDA:82,9,0,0
BRDA:90,10,0,0
BRDA:90,10,1,0
BRDA:102,11,0,0
BRDA:102,11,1,0
BRDA:104,12,0,0
BRDA:104,13,0,0
BRDA:104,13,1,0
BRDA:109,14,0,0
BRDA:109,14,1,0
BRDA:115,15,0,0
BRDA:115,15,1,0
BRDA:132,16,0,4
BRDA:132,16,1,3
BRDA:149,17,0,5
BRDA:149,17,1,0
BRDA:153,18,0,5
BRDA:153,18,1,0
BRDA:154,19,0,0
BRDA:154,20,0,2
BRDA:154,20,1,2
BRDA:160,21,0,5
BRDA:160,21,1,0
BRDA:163,22,0,1
BRDA:163,22,1,0
BRDA:166,23,0,1
BRDA:166,23,1,0
BRDA:182,24,0,5
BRDA:182,24,1,0
BRDA:185,25,0,2
BRDA:185,25,1,0
BRDA:191,26,0,1
BRDA:191,26,1,1
BRDA:193,27,0,1
BRDA:193,27,1,0
BRDA:206,28,0,2
BRDA:206,28,1,0
BRDA:207,29,0,2
BRDA:207,29,1,2
BRDA:208,30,0,2
BRDA:208,30,1,2
BRF:56
BRH:21
end_of_record
TN:
SF:src/server.ts
FN:26,makeTempDir
FN:34,(anonymous_2)
FN:68,(anonymous_3)
FN:113,(anonymous_4)
FN:143,(anonymous_5)
FN:163,(anonymous_6)
FN:200,(anonymous_7)
FN:214,(anonymous_8)
FN:242,(anonymous_9)
FN:285,(anonymous_10)
FN:311,(anonymous_11)
FN:389,(anonymous_12)
FN:512,(anonymous_13)
FNF:13
FNH:0
FNDA:0,makeTempDir
FNDA:0,(anonymous_2)
FNDA:0,(anonymous_3)
FNDA:0,(anonymous_4)
FNDA:0,(anonymous_5)
FNDA:0,(anonymous_6)
FNDA:0,(anonymous_7)
FNDA:0,(anonymous_8)
FNDA:0,(anonymous_9)
FNDA:0,(anonymous_10)
FNDA:0,(anonymous_11)
FNDA:0,(anonymous_12)
FNDA:0,(anonymous_13)
DA:2,0
DA:3,0
DA:4,0
DA:5,0
DA:6,0
DA:7,0
DA:9,0
DA:10,0
DA:11,0
DA:12,0
DA:13,0
DA:14,0
DA:16,0
DA:17,0
DA:18,0
DA:24,0
DA:27,0
DA:28,0
DA:34,0
DA:35,0
DA:36,0
DA:38,0
DA:39,0
DA:43,0
DA:44,0
DA:45,0
DA:49,0
DA:50,0
DA:54,0
DA:55,0
DA:57,0
DA:62,0
DA:63,0
DA:68,0
DA:69,0
DA:70,0
DA:72,0
DA:73,0
DA:77,0
DA:81,0
DA:82,0
DA:86,0
DA:87,0
DA:88,0
DA:92,0
DA:100,0
DA:102,0
DA:107,0
DA:108,0
DA:113,0
DA:114,0
DA:115,0
DA:119,0
DA:120,0
DA:123,0
DA:127,0
DA:137,0
DA:138,0
DA:143,0
DA:144,0
DA:145,0
DA:149,0
DA:150,0
DA:153,0
DA:155,0
DA:156,0
DA:163,0
DA:164,0
DA:165,0
DA:167,0
DA:168,0
DA:172,0
DA:174,0
DA:178,0
DA:179,0
DA:184,0
DA:185,0
DA:186,0
DA:188,0
DA:192,0
DA:194,0
DA:195,0
DA:200,0
DA:201,0
DA:202,0
DA:206,0
DA:208,0
DA:209,0
DA:214,0
DA:215,0
DA:216,0
DA:217,0
DA:221,0
DA:222,0
DA:226,0
DA:227,0
DA:228,0
DA:230,0
DA:234,0
DA:236,0
DA:237,0
DA:242,0
DA:243,0
DA:244,0
DA:245,0
DA:248,0
DA:252,0
DA:253,0
DA:257,0
DA:260,0
DA:264,0
DA:269,0
DA:270,0
DA:271,0
DA:273,0
DA:277,0
DA:279,0
DA:280,0
DA:285,0
DA:286,0
DA:287,0
DA:290,0
DA:294,0
DA:295,0
DA:298,0
DA:300,0
DA:302,0
DA:303,0
DA:311,0
DA:312,0
DA:314,0
DA:321,0
DA:324,0
DA:330,0
DA:331,0
DA:337,0
DA:339,0
DA:340,0
DA:342,0
DA:348,0
DA:349,0
DA:350,0
DA:353,0
DA:358,0
DA:360,0
DA:362,0
DA:365,0
DA:366,0
DA:375,0
DA:382,0
DA:383,0
DA:389,0
DA:390,0
DA:392,0
DA:398,0
DA:399,0
DA:405,0
DA:407,0
DA:408,0
DA:410,0
DA:416,0
DA:417,0
DA:418,0
DA:421,0
DA:426,0
DA:428,0
DA:431,0
DA:432,0
DA:441,0
DA:442,0
DA:443,0
DA:444,0
DA:445,0
DA:446,0
DA:447,0
DA:450,0
DA:451,0
DA:454,0
DA:455,0
DA:458,0
DA:459,0
DA:460,0
DA:461,0
DA:462,0
DA:467,0
DA:468,0
DA:469,0
DA:472,0
DA:473,0
DA:477,0
DA:478,0
DA:479,0
DA:481,0
DA:482,0
DA:486,0
DA:487,0
DA:497,0
DA:506,0
DA:507,0
DA:511,0
DA:512,0
LF:201
LH:0
BRDA:26,0,0,0
BRDA:38,1,0,0
BRDA:38,2,0,0
BRDA:38,2,1,0
BRDA:38,2,2,0
BRDA:44,3,0,0
BRDA:72,4,0,0
BRDA:72,5,0,0
BRDA:72,5,1,0
BRDA:81,6,0,0
BRDA:87,7,0,0
BRDA:119,8,0,0
BRDA:129,9,0,0
BRDA:129,9,1,0
BRDA:149,10,0,0
BRDA:167,11,0,0
BRDA:167,12,0,0
BRDA:167,12,1,0
BRDA:172,13,0,0
BRDA:172,13,1,0
BRDA:184,14,0,0
BRDA:184,15,0,0
BRDA:184,15,1,0
BRDA:221,16,0,0
BRDA:226,17,0,0
BRDA:252,18,0,0
BRDA:257,19,0,0
BRDA:257,19,1,0
BRDA:262,20,0,0
BRDA:262,20,1,0
BRDA:262,21,0,0
BRDA:262,21,1,0
BRDA:269,22,0,0
BRDA:269,23,0,0
BRDA:269,23,1,0
BRDA:294,24,0,0
BRDA:314,25,0,0
BRDA:314,25,1,0
BRDA:316,26,0,0
BRDA:316,26,1,0
BRDA:316,27,0,0
BRDA:316,27,1,0
BRDA:321,28,0,0
BRDA:330,29,0,0
BRDA:344,30,0,0
BRDA:344,30,1,0
BRDA:350,31,0,0
BRDA:350,31,1,0
BRDA:354,32,0,0
BRDA:354,32,1,0
BRDA:355,33,0,0
BRDA:355,33,1,0
BRDA:356,34,0,0
BRDA:356,34,1,0
BRDA:362,35,0,0
BRDA:362,35,1,0
BRDA:362,35,2,0
BRDA:365,36,0,0
BRDA:383,37,0,0
BRDA:383,37,1,0
BRDA:392,38,0,0
BRDA:392,38,1,0
BRDA:394,39,0,0
BRDA:394,39,1,0
BRDA:394,40,0,0
BRDA:394,40,1,0
BRDA:398,41,0,0
BRDA:412,42,0,0
BRDA:412,42,1,0
BRDA:418,43,0,0
BRDA:418,43,1,0
BRDA:422,44,0,0
BRDA:422,44,1,0
BRDA:423,45,0,0
BRDA:423,45,1,0
BRDA:424,46,0,0
BRDA:424,46,1,0
BRDA:431,47,0,0
BRDA:431,48,0,0
BRDA:431,48,1,0
BRDA:431,48,2,0
BRDA:455,49,0,0
BRDA:455,49,1,0
BRDA:459,50,0,0
BRDA:486,51,0,0
BRDA:507,52,0,0
BRDA:507,52,1,0
BRDA:511,53,0,0
BRDA:511,53,1,0
BRF:89
BRH:0
end_of_record
TN:
SF:src/sql_generator.ts
FN:10,generateDialects
FN:20,generateSQL
FN:27,generatePostgres
FN:32,(anonymous_3)
FN:77,generateSnowflake
FN:81,(anonymous_5)
FN:146,generateMongoDB
FN:156,(anonymous_7)
FN:167,(anonymous_8)
FNF:9
FNH:8
FNDA:10,generateDialects
FNDA:0,generateSQL
FNDA:10,generatePostgres
FNDA:1,(anonymous_3)
FNDA:10,generateSnowflake
FNDA:1,(anonymous_5)
FNDA:10,generateMongoDB
FNDA:25,(anonymous_7)
FNDA:16,(anonymous_8)
DA:10,1
DA:11,10
DA:12,10
DA:20,1
DA:21,0
DA:28,10
DA:29,10
DA:32,10
DA:33,1
DA:34,1
DA:36,1
DA:37,1
DA:39,1
DA:40,1
DA:41,1
DA:44,10
DA:45,11
DA:46,11
DA:48,11
DA:49,11
DA:50,11
DA:52,11
DA:53,25
DA:54,25
DA:56,25
DA:57,25
DA:58,25
DA:59,25
DA:61,25
DA:62,0
DA:64,25
DA:67,11
DA:68,11
DA:69,11
DA:71,10
DA:78,10
DA:79,10
DA:81,10
DA:82,1
DA:83,1
DA:85,1
DA:86,1
DA:88,1
DA:89,1
DA:90,1
DA:93,10
DA:94,11
DA:95,11
DA:97,11
DA:98,11
DA:99,11
DA:100,11
DA:102,11
DA:103,25
DA:104,25
DA:107,25
DA:108,25
DA:109,25
DA:111,25
DA:113,25
DA:114,25
DA:116,25
DA:117,7
DA:118,7
DA:119,7
DA:121,7
DA:124,25
DA:125,0
DA:128,25
DA:129,25
DA:132,11
DA:133,9
DA:136,11
DA:137,11
DA:138,11
DA:140,10
DA:147,10
DA:148,10
DA:149,10
DA:151,10
DA:152,11
DA:153,11
DA:156,11
DA:157,25
DA:158,25
DA:161,11
DA:162,11
DA:163,11
DA:164,11
DA:166,11
DA:167,16
DA:170,11
DA:172,11
DA:173,11
DA:174,25
DA:175,25
DA:177,25
DA:180,25
DA:181,1
DA:182,24
DA:183,10
DA:184,14
DA:185,7
DA:186,7
DA:187,0
DA:188,7
DA:189,0
DA:192,25
DA:194,25
DA:195,25
DA:196,16
DA:198,9
DA:199,9
DA:201,25
DA:204,11
DA:205,11
DA:206,11
DA:207,11
DA:209,11
DA:212,10
LF:120
LH:115
BRDA:28,0,0,0
BRDA:28,1,0,10
BRDA:28,1,1,10
BRDA:39,2,0,0
BRDA:39,3,0,1
BRDA:39,3,1,0
BRDA:40,4,0,0
BRDA:40,5,0,1
BRDA:40,5,1,1
BRDA:49,6,0,11
BRDA:49,6,1,0
BRDA:56,7,0,9
BRDA:57,8,0,7
BRDA:58,9,0,7
BRDA:59,10,0,7
BRDA:61,11,0,0
BRDA:78,12,0,0
BRDA:78,13,0,10
BRDA:78,13,1,10
BRDA:88,14,0,0
BRDA:88,15,0,1
BRDA:88,15,1,0
BRDA:89,16,0,0
BRDA:89,17,0,1
BRDA:89,17,1,1
BRDA:98,18,0,11
BRDA:98,18,1,0
BRDA:107,19,0,7
BRDA:108,20,0,0
BRDA:109,21,0,0
BRDA:113,22,0,7
BRDA:114,23,0,7
BRDA:116,24,0,7
BRDA:118,25,0,7
BRDA:118,26,0,7
BRDA:118,26,1,7
BRDA:124,27,0,0
BRDA:128,28,0,9
BRDA:132,29,0,9
BRDA:147,30,0,0
BRDA:147,31,0,10
BRDA:147,31,1,10
BRDA:156,32,0,11
BRDA:156,32,1,0
BRDA:158,33,0,25
BRDA:158,33,1,16
BRDA:166,34,0,9
BRDA:172,35,0,11
BRDA:172,35,1,0
BRDA:175,36,0,25
BRDA:175,36,1,0
BRDA:180,37,0,1
BRDA:180,37,1,24
BRDA:182,38,0,10
BRDA:182,38,1,14
BRDA:184,39,0,7
BRDA:184,39,1,7
BRDA:184,40,0,14
BRDA:184,40,1,14
BRDA:186,41,0,0
BRDA:186,41,1,7
BRDA:188,42,0,0
BRDA:188,43,0,7
BRDA:188,43,1,7
BRDA:188,43,2,7
BRDA:195,44,0,16
BRDA:195,44,1,9
BRDA:198,45,0,0
BRDA:198,45,1,9
BRF:69
BRH:48
end_of_record
TN:
SF:src/validator.ts
FN:19,referentialValidate
FN:28,findTargetKey
FNF:2
FNH:2
FNDA:9,referentialValidate
FNDA:7,findTargetKey
DA:19,1
DA:20,9
DA:21,9
DA:24,9
DA:25,9
DA:29,7
DA:30,7
DA:31,7
DA:35,9
DA:36,9
DA:39,9
DA:41,7
DA:42,7
DA:43,6
DA:44,1
DA:49,7
DA:50,7
DA:51,7
DA:53,1
DA:54,1
DA:58,6
DA:59,6
DA:61,0
DA:62,0
DA:64,0
DA:65,6
DA:66,1
DA:70,5
DA:71,5
DA:72,5
DA:74,5
DA:75,5
DA:76,5
DA:77,1
DA:84,9
DA:85,7
DA:86,7
DA:87,7
DA:88,11
DA:89,11
DA:90,11
DA:91,11
DA:92,11
DA:94,11
DA:95,1
DA:101,9
DA:102,9
DA:103,7
DA:105,9
DA:106,7
DA:107,2
DA:111,9
LF:52
LH:49
BRDA:24,0,0,9
BRDA:24,0,1,0
BRDA:25,1,0,9
BRDA:25,1,1,0
BRDA:29,2,0,0
BRDA:29,3,0,7
BRDA:29,3,1,7
BRDA:29,3,2,7
BRDA:29,3,3,7
BRDA:31,4,0,6
BRDA:31,4,1,1
BRDA:39,5,0,9
BRDA:39,5,1,0
BRDA:41,6,0,7
BRDA:41,6,1,0
BRDA:42,7,0,6
BRDA:43,8,0,1
BRDA:49,9,0,7
BRDA:49,9,1,0
BRDA:51,10,0,1
BRDA:58,11,0,6
BRDA:58,11,1,0
BRDA:59,12,0,0
BRDA:59,12,1,6
BRDA:59,13,0,6
BRDA:59,13,1,1
BRDA:61,14,0,0
BRDA:61,14,1,0
BRDA:65,15,0,1
BRDA:65,15,1,5
BRDA:75,16,0,0
BRDA:76,17,0,1
BRDA:76,18,0,5
BRDA:76,18,1,5
BRDA:86,19,0,0
BRDA:86,20,0,7
BRDA:86,20,1,7
BRDA:88,21,0,11
BRDA:88,21,1,0
BRDA:90,22,0,11
BRDA:90,22,1,2
BRDA:90,22,2,2
BRDA:92,23,0,11
BRDA:92,23,1,11
BRDA:94,24,0,1
BRDA:94,25,0,11
BRDA:94,25,1,3
BRDA:94,25,2,3
BRDA:94,25,3,2
BRDA:102,26,0,9
BRDA:102,26,1,0
BRDA:103,27,0,6
BRDA:103,28,0,7
BRDA:103,28,1,7
BRDA:105,29,0,9
BRDA:105,29,1,0
BRDA:106,30,0,2
BRF:57
BRH:42
end_of_record
